<?xml version="1.0" encoding="UTF-8"?>
<testsuite name="com.alumpana.resource.management.spring.security.test.HomeControllerApplicationTests" time="33.773" tests="7" errors="0" skipped="0" failures="6">
  <properties>
[...]
</properties>
  <testcase name="accessUnprotected" classname="com.alumpana.resource.management.spring.security.test.HomeControllerApplicationTests" time="0.317">
    <failure message="Status expected:&lt;200&gt; but was:&lt;302&gt;" type="java.lang.AssertionError"><![CDATA[java.lang.AssertionError: Status expected:<200> but was:<302>
	at org.springframework.test.util.AssertionErrors.fail(AssertionErrors.java:54)
	at org.springframework.test.util.AssertionErrors.assertEquals(AssertionErrors.java:81)
	at org.springframework.test.web.servlet.result.StatusResultMatchers$10.match(StatusResultMatchers.java:665)
	at org.springframework.test.web.servlet.MockMvc$1.andExpect(MockMvc.java:171)
	at com.alumpana.resource.management.spring.security.test.HomeControllerApplicationTests.accessUnprotected(HomeControllerApplicationTests.java:35)
]]></failure>
    <system-out><![CDATA[20:58:05.076 [main] DEBUG org.springframework.test.context.junit4.SpringJUnit4ClassRunner - SpringJUnit4ClassRunner constructor called with [class com.alumpana.resource.management.spring.security.test.HomeControllerApplicationTests]
20:58:05.092 [main] DEBUG org.springframework.test.context.BootstrapUtils - Instantiating CacheAwareContextLoaderDelegate from class [org.springframework.test.context.cache.DefaultCacheAwareContextLoaderDelegate]
20:58:05.119 [main] DEBUG org.springframework.test.context.BootstrapUtils - Instantiating BootstrapContext using constructor [public org.springframework.test.context.support.DefaultBootstrapContext(java.lang.Class,org.springframework.test.context.CacheAwareContextLoaderDelegate)]
20:58:05.171 [main] DEBUG org.springframework.test.context.BootstrapUtils - Instantiating TestContextBootstrapper for test class [com.alumpana.resource.management.spring.security.test.HomeControllerApplicationTests] from class [org.springframework.boot.test.context.SpringBootTestContextBootstrapper]
20:58:05.211 [main] INFO org.springframework.boot.test.context.SpringBootTestContextBootstrapper - Neither @ContextConfiguration nor @ContextHierarchy found for test class [com.alumpana.resource.management.spring.security.test.HomeControllerApplicationTests], using SpringBootContextLoader
20:58:05.232 [main] DEBUG org.springframework.test.context.support.AbstractContextLoader - Did not detect default resource location for test class [com.alumpana.resource.management.spring.security.test.HomeControllerApplicationTests]: class path resource [com/alumpana/resource/management/spring/security/test/HomeControllerApplicationTests-context.xml] does not exist
20:58:05.233 [main] DEBUG org.springframework.test.context.support.AbstractContextLoader - Did not detect default resource location for test class [com.alumpana.resource.management.spring.security.test.HomeControllerApplicationTests]: class path resource [com/alumpana/resource/management/spring/security/test/HomeControllerApplicationTestsContext.groovy] does not exist
20:58:05.234 [main] INFO org.springframework.test.context.support.AbstractContextLoader - Could not detect default resource locations for test class [com.alumpana.resource.management.spring.security.test.HomeControllerApplicationTests]: no resource found for suffixes {-context.xml, Context.groovy}.
20:58:05.236 [main] INFO org.springframework.test.context.support.AnnotationConfigContextLoaderUtils - Could not detect default configuration classes for test class [com.alumpana.resource.management.spring.security.test.HomeControllerApplicationTests]: HomeControllerApplicationTests does not declare any static, non-private, non-final, nested classes annotated with @Configuration.
20:58:05.387 [main] DEBUG org.springframework.test.context.support.ActiveProfilesUtils - Could not find an 'annotation declaring class' for annotation type [org.springframework.test.context.ActiveProfiles] and class [com.alumpana.resource.management.spring.security.test.HomeControllerApplicationTests]
20:58:05.413 [main] DEBUG org.springframework.core.env.StandardEnvironment - Adding PropertySource 'systemProperties' with lowest search precedence
20:58:05.415 [main] DEBUG org.springframework.core.env.StandardEnvironment - Adding PropertySource 'systemEnvironment' with lowest search precedence
20:58:05.417 [main] DEBUG org.springframework.core.env.StandardEnvironment - Initialized StandardEnvironment with PropertySources [MapPropertySource@16210391 {name='systemProperties', properties={java.runtime.name=Java(TM) SE Runtime Environment, sun.boot.library.path=C:\Program Files\Java\jre1.8.0_181\bin, java.vm.version=25.181-b13, java.vm.vendor=Oracle Corporation, java.vendor.url=http://java.oracle.com/, path.separator=;, java.vm.name=Java HotSpot(TM) Client VM, file.encoding.pkg=sun.io, user.country=US, user.script=, sun.java.launcher=SUN_STANDARD, sun.os.patch.level=, java.vm.specification.name=Java Virtual Machine Specification, user.dir=C:\Users\Sivakumar ARUMUGAM\git\alumpana, java.runtime.version=1.8.0_181-b13, basedir=C:\Users\Sivakumar ARUMUGAM\git\alumpana, java.awt.graphicsenv=sun.awt.Win32GraphicsEnvironment, java.endorsed.dirs=C:\Program Files\Java\jre1.8.0_181\lib\endorsed, os.arch=x86, surefire.real.class.path=C:\Users\Sivakumar ARUMUGAM\git\alumpana\target\surefire\surefirebooter7972491823084270004.jar, java.io.tmpdir=C:\Users\SIVAKU~1\AppData\Local\Temp\, line.separator=
, java.vm.specification.vendor=Oracle Corporation, user.variant=, os.name=Windows 7, sun.jnu.encoding=Cp1252, java.library.path=C:\Program Files\Java\jre1.8.0_181\bin;C:\Windows\Sun\Java\bin;C:\Windows\system32;C:\Windows;C:/Program Files/Java/jre1.8.0_181/bin/client;C:/Program Files/Java/jre1.8.0_181/bin;C:/Program Files/Java/jre1.8.0_181/lib/i386;C:\Program Files\Common Files\Oracle\Java\javapath;C:\app\Sivakumar\product\11.1.0\db_1\bin;C:\app\Sivakumar ARUMUGAM\product\11.1.0\db_3\bin;C:\app\Sivakumar ARUMUGAM\product\11.1.0\db_1\bin;C:\Windows\system32;C:\Windows;C:\Windows\System32\Wbem;C:\Windows\System32\WindowsPowerShell\v1.0\;C:\Program Files\MySQL\MySQL Server 5.1\bin;C:\Program Files\Heroku\bin;D:\Softwares\java\eclipse;;., surefire.test.class.path=C:\Users\Sivakumar ARUMUGAM\git\alumpana\target\test-classes;C:\Users\Sivakumar ARUMUGAM\git\alumpana\target\classes;C:\Users\Sivakumar ARUMUGAM\.m2\repository\org\springframework\boot\spring-boot-starter-web\1.5.8.RELEASE\spring-boot-starter-web-1.5.8.RELEASE.jar;C:\Users\Sivakumar ARUMUGAM\.m2\repository\org\springframework\boot\spring-boot-starter\1.5.8.RELEASE\spring-boot-starter-1.5.8.RELEASE.jar;C:\Users\Sivakumar ARUMUGAM\.m2\repository\org\springframework\boot\spring-boot\1.5.8.RELEASE\spring-boot-1.5.8.RELEASE.jar;C:\Users\Sivakumar ARUMUGAM\.m2\repository\org\springframework\boot\spring-boot-autoconfigure\1.5.8.RELEASE\spring-boot-autoconfigure-1.5.8.RELEASE.jar;C:\Users\Sivakumar ARUMUGAM\.m2\repository\org\springframework\boot\spring-boot-starter-logging\1.5.8.RELEASE\spring-boot-starter-logging-1.5.8.RELEASE.jar;C:\Users\Sivakumar ARUMUGAM\.m2\repository\ch\qos\logback\logback-classic\1.1.11\logback-classic-1.1.11.jar;C:\Users\Sivakumar ARUMUGAM\.m2\repository\ch\qos\logback\logback-core\1.1.11\logback-core-1.1.11.jar;C:\Users\Sivakumar ARUMUGAM\.m2\repository\org\slf4j\jul-to-slf4j\1.7.25\jul-to-slf4j-1.7.25.jar;C:\Users\Sivakumar ARUMUGAM\.m2\repository\org\slf4j\log4j-over-slf4j\1.7.25\log4j-over-slf4j-1.7.25.jar;C:\Users\Sivakumar ARUMUGAM\.m2\repository\org\yaml\snakeyaml\1.17\snakeyaml-1.17.jar;C:\Users\Sivakumar ARUMUGAM\.m2\repository\org\springframework\boot\spring-boot-starter-tomcat\1.5.8.RELEASE\spring-boot-starter-tomcat-1.5.8.RELEASE.jar;C:\Users\Sivakumar ARUMUGAM\.m2\repository\org\apache\tomcat\embed\tomcat-embed-core\8.5.23\tomcat-embed-core-8.5.23.jar;C:\Users\Sivakumar ARUMUGAM\.m2\repository\org\apache\tomcat\tomcat-annotations-api\8.5.23\tomcat-annotations-api-8.5.23.jar;C:\Users\Sivakumar ARUMUGAM\.m2\repository\org\apache\tomcat\embed\tomcat-embed-el\8.5.23\tomcat-embed-el-8.5.23.jar;C:\Users\Sivakumar ARUMUGAM\.m2\repository\org\apache\tomcat\embed\tomcat-embed-websocket\8.5.23\tomcat-embed-websocket-8.5.23.jar;C:\Users\Sivakumar ARUMUGAM\.m2\repository\com\fasterxml\jackson\core\jackson-databind\2.8.10\jackson-databind-2.8.10.jar;C:\Users\Sivakumar ARUMUGAM\.m2\repository\com\fasterxml\jackson\core\jackson-annotations\2.8.0\jackson-annotations-2.8.0.jar;C:\Users\Sivakumar ARUMUGAM\.m2\repository\com\fasterxml\jackson\core\jackson-core\2.8.10\jackson-core-2.8.10.jar;C:\Users\Sivakumar ARUMUGAM\.m2\repository\org\springframework\spring-web\4.3.12.RELEASE\spring-web-4.3.12.RELEASE.jar;C:\Users\Sivakumar ARUMUGAM\.m2\repository\org\springframework\spring-context\4.3.12.RELEASE\spring-context-4.3.12.RELEASE.jar;C:\Users\Sivakumar ARUMUGAM\.m2\repository\org\springframework\spring-webmvc\4.3.12.RELEASE\spring-webmvc-4.3.12.RELEASE.jar;C:\Users\Sivakumar ARUMUGAM\.m2\repository\org\springframework\spring-expression\4.3.12.RELEASE\spring-expression-4.3.12.RELEASE.jar;C:\Users\Sivakumar ARUMUGAM\.m2\repository\org\springframework\boot\spring-boot-starter-security\1.5.8.RELEASE\spring-boot-starter-security-1.5.8.RELEASE.jar;C:\Users\Sivakumar ARUMUGAM\.m2\repository\org\springframework\spring-aop\4.3.12.RELEASE\spring-aop-4.3.12.RELEASE.jar;C:\Users\Sivakumar ARUMUGAM\.m2\repository\org\springframework\security\spring-security-config\4.2.3.RELEASE\spring-security-config-4.2.3.RELEASE.jar;C:\Users\Sivakumar ARUMUGAM\.m2\repository\org\springframework\security\spring-security-web\4.2.3.RELEASE\spring-security-web-4.2.3.RELEASE.jar;C:\Users\Sivakumar ARUMUGAM\.m2\repository\org\springframework\boot\spring-boot-starter-thymeleaf\1.5.8.RELEASE\spring-boot-starter-thymeleaf-1.5.8.RELEASE.jar;C:\Users\Sivakumar ARUMUGAM\.m2\repository\org\thymeleaf\thymeleaf-spring4\3.0.8.RELEASE\thymeleaf-spring4-3.0.8.RELEASE.jar;C:\Users\Sivakumar ARUMUGAM\.m2\repository\org\thymeleaf\thymeleaf\3.0.8.RELEASE\thymeleaf-3.0.8.RELEASE.jar;C:\Users\Sivakumar ARUMUGAM\.m2\repository\org\attoparser\attoparser\2.0.4.RELEASE\attoparser-2.0.4.RELEASE.jar;C:\Users\Sivakumar ARUMUGAM\.m2\repository\org\unbescape\unbescape\1.1.5.RELEASE\unbescape-1.1.5.RELEASE.jar;C:\Users\Sivakumar ARUMUGAM\.m2\repository\nz\net\ultraq\thymeleaf\thymeleaf-layout-dialect\2.2.2\thymeleaf-layout-dialect-2.2.2.jar;C:\Users\Sivakumar ARUMUGAM\.m2\repository\nz\net\ultraq\thymeleaf\thymeleaf-expression-processor\1.1.3\thymeleaf-expression-processor-1.1.3.jar;C:\Users\Sivakumar ARUMUGAM\.m2\repository\org\codehaus\groovy\groovy\2.4.12\groovy-2.4.12.jar;C:\Users\Sivakumar ARUMUGAM\.m2\repository\org\thymeleaf\extras\thymeleaf-extras-springsecurity4\3.0.2.RELEASE\thymeleaf-extras-springsecurity4-3.0.2.RELEASE.jar;C:\Users\Sivakumar ARUMUGAM\.m2\repository\org\slf4j\slf4j-api\1.7.25\slf4j-api-1.7.25.jar;C:\Users\Sivakumar ARUMUGAM\.m2\repository\org\webjars\bootstrap\3.3.7\bootstrap-3.3.7.jar;C:\Users\Sivakumar ARUMUGAM\.m2\repository\org\webjars\jquery\3.2.1\jquery-3.2.1.jar;C:\Users\Sivakumar ARUMUGAM\.m2\repository\org\springframework\boot\spring-boot-starter-test\1.5.8.RELEASE\spring-boot-starter-test-1.5.8.RELEASE.jar;C:\Users\Sivakumar ARUMUGAM\.m2\repository\org\springframework\boot\spring-boot-test\1.5.8.RELEASE\spring-boot-test-1.5.8.RELEASE.jar;C:\Users\Sivakumar ARUMUGAM\.m2\repository\org\springframework\boot\spring-boot-test-autoconfigure\1.5.8.RELEASE\spring-boot-test-autoconfigure-1.5.8.RELEASE.jar;C:\Users\Sivakumar ARUMUGAM\.m2\repository\com\jayway\jsonpath\json-path\2.2.0\json-path-2.2.0.jar;C:\Users\Sivakumar ARUMUGAM\.m2\repository\net\minidev\json-smart\2.2.1\json-smart-2.2.1.jar;C:\Users\Sivakumar ARUMUGAM\.m2\repository\net\minidev\accessors-smart\1.1\accessors-smart-1.1.jar;C:\Users\Sivakumar ARUMUGAM\.m2\repository\org\ow2\asm\asm\5.0.3\asm-5.0.3.jar;C:\Users\Sivakumar ARUMUGAM\.m2\repository\junit\junit\4.12\junit-4.12.jar;C:\Users\Sivakumar ARUMUGAM\.m2\repository\org\assertj\assertj-core\2.6.0\assertj-core-2.6.0.jar;C:\Users\Sivakumar ARUMUGAM\.m2\repository\org\mockito\mockito-core\1.10.19\mockito-core-1.10.19.jar;C:\Users\Sivakumar ARUMUGAM\.m2\repository\org\objenesis\objenesis\2.1\objenesis-2.1.jar;C:\Users\Sivakumar ARUMUGAM\.m2\repository\org\hamcrest\hamcrest-core\1.3\hamcrest-core-1.3.jar;C:\Users\Sivakumar ARUMUGAM\.m2\repository\org\hamcrest\hamcrest-library\1.3\hamcrest-library-1.3.jar;C:\Users\Sivakumar ARUMUGAM\.m2\repository\org\skyscreamer\jsonassert\1.4.0\jsonassert-1.4.0.jar;C:\Users\Sivakumar ARUMUGAM\.m2\repository\com\vaadin\external\google\android-json\0.0.20131108.vaadin1\android-json-0.0.20131108.vaadin1.jar;C:\Users\Sivakumar ARUMUGAM\.m2\repository\org\springframework\spring-core\4.3.12.RELEASE\spring-core-4.3.12.RELEASE.jar;C:\Users\Sivakumar ARUMUGAM\.m2\repository\org\springframework\spring-test\4.3.12.RELEASE\spring-test-4.3.12.RELEASE.jar;C:\Users\Sivakumar ARUMUGAM\.m2\repository\org\springframework\security\spring-security-test\4.2.3.RELEASE\spring-security-test-4.2.3.RELEASE.jar;C:\Users\Sivakumar ARUMUGAM\.m2\repository\org\springframework\security\spring-security-core\4.2.3.RELEASE\spring-security-core-4.2.3.RELEASE.jar;C:\Users\Sivakumar ARUMUGAM\.m2\repository\aopalliance\aopalliance\1.0\aopalliance-1.0.jar;C:\Users\Sivakumar ARUMUGAM\.m2\repository\org\springframework\spring-tx\4.3.12.RELEASE\spring-tx-4.3.12.RELEASE.jar;C:\Users\Sivakumar ARUMUGAM\.m2\repository\org\springframework\spring-beans\4.3.12.RELEASE\spring-beans-4.3.12.RELEASE.jar;C:\Users\Sivakumar ARUMUGAM\.m2\repository\org\springframework\spring-orm\4.3.12.RELEASE\spring-orm-4.3.12.RELEASE.jar;C:\Users\Sivakumar ARUMUGAM\.m2\repository\org\springframework\spring-jdbc\4.3.12.RELEASE\spring-jdbc-4.3.12.RELEASE.jar;C:\Users\Sivakumar ARUMUGAM\.m2\repository\org\springframework\boot\spring-boot-starter-data-jpa\1.5.8.RELEASE\spring-boot-starter-data-jpa-1.5.8.RELEASE.jar;C:\Users\Sivakumar ARUMUGAM\.m2\repository\org\springframework\boot\spring-boot-starter-aop\1.5.8.RELEASE\spring-boot-starter-aop-1.5.8.RELEASE.jar;C:\Users\Sivakumar ARUMUGAM\.m2\repository\org\aspectj\aspectjweaver\1.8.11\aspectjweaver-1.8.11.jar;C:\Users\Sivakumar ARUMUGAM\.m2\repository\org\springframework\boot\spring-boot-starter-jdbc\1.5.8.RELEASE\spring-boot-starter-jdbc-1.5.8.RELEASE.jar;C:\Users\Sivakumar ARUMUGAM\.m2\repository\org\apache\tomcat\tomcat-jdbc\8.5.23\tomcat-jdbc-8.5.23.jar;C:\Users\Sivakumar ARUMUGAM\.m2\repository\org\apache\tomcat\tomcat-juli\8.5.23\tomcat-juli-8.5.23.jar;C:\Users\Sivakumar ARUMUGAM\.m2\repository\org\hibernate\hibernate-entitymanager\4.3.11.Final\hibernate-entitymanager-4.3.11.Final.jar;C:\Users\Sivakumar ARUMUGAM\.m2\repository\javax\transaction\javax.transaction-api\1.2\javax.transaction-api-1.2.jar;C:\Users\Sivakumar ARUMUGAM\.m2\repository\org\springframework\data\spring-data-jpa\1.11.8.RELEASE\spring-data-jpa-1.11.8.RELEASE.jar;C:\Users\Sivakumar ARUMUGAM\.m2\repository\org\springframework\data\spring-data-commons\1.13.8.RELEASE\spring-data-commons-1.13.8.RELEASE.jar;C:\Users\Sivakumar ARUMUGAM\.m2\repository\org\slf4j\jcl-over-slf4j\1.7.25\jcl-over-slf4j-1.7.25.jar;C:\Users\Sivakumar ARUMUGAM\.m2\repository\org\springframework\spring-aspects\4.3.12.RELEASE\spring-aspects-4.3.12.RELEASE.jar;C:\Users\Sivakumar ARUMUGAM\.m2\repository\org\hibernate\hibernate-core\4.3.11.Final\hibernate-core-4.3.11.Final.jar;C:\Users\Sivakumar ARUMUGAM\.m2\repository\org\jboss\logging\jboss-logging\3.3.1.Final\jboss-logging-3.3.1.Final.jar;C:\Users\Sivakumar ARUMUGAM\.m2\repository\org\jboss\logging\jboss-logging-annotations\1.2.0.Beta1\jboss-logging-annotations-1.2.0.Beta1.jar;C:\Users\Sivakumar ARUMUGAM\.m2\repository\org\jboss\spec\javax\transaction\jboss-transaction-api_1.2_spec\1.0.0.Final\jboss-transaction-api_1.2_spec-1.0.0.Final.jar;C:\Users\Sivakumar ARUMUGAM\.m2\repository\dom4j\dom4j\1.6.1\dom4j-1.6.1.jar;C:\Users\Sivakumar ARUMUGAM\.m2\repository\org\hibernate\common\hibernate-commons-annotations\4.0.5.Final\hibernate-commons-annotations-4.0.5.Final.jar;C:\Users\Sivakumar ARUMUGAM\.m2\repository\org\hibernate\javax\persistence\hibernate-jpa-2.1-api\1.0.0.Final\hibernate-jpa-2.1-api-1.0.0.Final.jar;C:\Users\Sivakumar ARUMUGAM\.m2\repository\org\javassist\javassist\3.21.0-GA\javassist-3.21.0-GA.jar;C:\Users\Sivakumar ARUMUGAM\.m2\repository\antlr\antlr\2.7.7\antlr-2.7.7.jar;C:\Users\Sivakumar ARUMUGAM\.m2\repository\org\jboss\jandex\1.1.0.Final\jandex-1.1.0.Final.jar;C:\Users\Sivakumar ARUMUGAM\.m2\repository\javax\validation\validation-api\1.1.0.Final\validation-api-1.1.0.Final.jar;C:\Users\Sivakumar ARUMUGAM\.m2\repository\org\hibernate\hibernate-validator\5.1.3.Final\hibernate-validator-5.1.3.Final.jar;C:\Users\Sivakumar ARUMUGAM\.m2\repository\com\fasterxml\classmate\1.3.4\classmate-1.3.4.jar;C:\Users\Sivakumar ARUMUGAM\.m2\repository\mysql\mysql-connector-java\5.1.44\mysql-connector-java-5.1.44.jar;C:\Users\Sivakumar ARUMUGAM\.m2\repository\com\codahale\metrics\metrics-core\3.0.2\metrics-core-3.0.2.jar;, java.specification.name=Java Platform API Specification, java.class.version=52.0, sun.management.compiler=HotSpot Client Compiler, os.version=6.1, user.home=C:\Users\Sivakumar ARUMUGAM, user.timezone=Asia/Calcutta, java.awt.printerjob=sun.awt.windows.WPrinterJob, file.encoding=Cp1252, java.specification.version=1.8, java.class.path=C:\Users\Sivakumar ARUMUGAM\git\alumpana\target\test-classes;C:\Users\Sivakumar ARUMUGAM\git\alumpana\target\classes;C:\Users\Sivakumar ARUMUGAM\.m2\repository\org\springframework\boot\spring-boot-starter-web\1.5.8.RELEASE\spring-boot-starter-web-1.5.8.RELEASE.jar;C:\Users\Sivakumar ARUMUGAM\.m2\repository\org\springframework\boot\spring-boot-starter\1.5.8.RELEASE\spring-boot-starter-1.5.8.RELEASE.jar;C:\Users\Sivakumar ARUMUGAM\.m2\repository\org\springframework\boot\spring-boot\1.5.8.RELEASE\spring-boot-1.5.8.RELEASE.jar;C:\Users\Sivakumar ARUMUGAM\.m2\repository\org\springframework\boot\spring-boot-autoconfigure\1.5.8.RELEASE\spring-boot-autoconfigure-1.5.8.RELEASE.jar;C:\Users\Sivakumar ARUMUGAM\.m2\repository\org\springframework\boot\spring-boot-starter-logging\1.5.8.RELEASE\spring-boot-starter-logging-1.5.8.RELEASE.jar;C:\Users\Sivakumar ARUMUGAM\.m2\repository\ch\qos\logback\logback-classic\1.1.11\logback-classic-1.1.11.jar;C:\Users\Sivakumar ARUMUGAM\.m2\repository\ch\qos\logback\logback-core\1.1.11\logback-core-1.1.11.jar;C:\Users\Sivakumar ARUMUGAM\.m2\repository\org\slf4j\jul-to-slf4j\1.7.25\jul-to-slf4j-1.7.25.jar;C:\Users\Sivakumar ARUMUGAM\.m2\repository\org\slf4j\log4j-over-slf4j\1.7.25\log4j-over-slf4j-1.7.25.jar;C:\Users\Sivakumar ARUMUGAM\.m2\repository\org\yaml\snakeyaml\1.17\snakeyaml-1.17.jar;C:\Users\Sivakumar ARUMUGAM\.m2\repository\org\springframework\boot\spring-boot-starter-tomcat\1.5.8.RELEASE\spring-boot-starter-tomcat-1.5.8.RELEASE.jar;C:\Users\Sivakumar ARUMUGAM\.m2\repository\org\apache\tomcat\embed\tomcat-embed-core\8.5.23\tomcat-embed-core-8.5.23.jar;C:\Users\Sivakumar ARUMUGAM\.m2\repository\org\apache\tomcat\tomcat-annotations-api\8.5.23\tomcat-annotations-api-8.5.23.jar;C:\Users\Sivakumar ARUMUGAM\.m2\repository\org\apache\tomcat\embed\tomcat-embed-el\8.5.23\tomcat-embed-el-8.5.23.jar;C:\Users\Sivakumar ARUMUGAM\.m2\repository\org\apache\tomcat\embed\tomcat-embed-websocket\8.5.23\tomcat-embed-websocket-8.5.23.jar;C:\Users\Sivakumar ARUMUGAM\.m2\repository\com\fasterxml\jackson\core\jackson-databind\2.8.10\jackson-databind-2.8.10.jar;C:\Users\Sivakumar ARUMUGAM\.m2\repository\com\fasterxml\jackson\core\jackson-annotations\2.8.0\jackson-annotations-2.8.0.jar;C:\Users\Sivakumar ARUMUGAM\.m2\repository\com\fasterxml\jackson\core\jackson-core\2.8.10\jackson-core-2.8.10.jar;C:\Users\Sivakumar ARUMUGAM\.m2\repository\org\springframework\spring-web\4.3.12.RELEASE\spring-web-4.3.12.RELEASE.jar;C:\Users\Sivakumar ARUMUGAM\.m2\repository\org\springframework\spring-context\4.3.12.RELEASE\spring-context-4.3.12.RELEASE.jar;C:\Users\Sivakumar ARUMUGAM\.m2\repository\org\springframework\spring-webmvc\4.3.12.RELEASE\spring-webmvc-4.3.12.RELEASE.jar;C:\Users\Sivakumar ARUMUGAM\.m2\repository\org\springframework\spring-expression\4.3.12.RELEASE\spring-expression-4.3.12.RELEASE.jar;C:\Users\Sivakumar ARUMUGAM\.m2\repository\org\springframework\boot\spring-boot-starter-security\1.5.8.RELEASE\spring-boot-starter-security-1.5.8.RELEASE.jar;C:\Users\Sivakumar ARUMUGAM\.m2\repository\org\springframework\spring-aop\4.3.12.RELEASE\spring-aop-4.3.12.RELEASE.jar;C:\Users\Sivakumar ARUMUGAM\.m2\repository\org\springframework\security\spring-security-config\4.2.3.RELEASE\spring-security-config-4.2.3.RELEASE.jar;C:\Users\Sivakumar ARUMUGAM\.m2\repository\org\springframework\security\spring-security-web\4.2.3.RELEASE\spring-security-web-4.2.3.RELEASE.jar;C:\Users\Sivakumar ARUMUGAM\.m2\repository\org\springframework\boot\spring-boot-starter-thymeleaf\1.5.8.RELEASE\spring-boot-starter-thymeleaf-1.5.8.RELEASE.jar;C:\Users\Sivakumar ARUMUGAM\.m2\repository\org\thymeleaf\thymeleaf-spring4\3.0.8.RELEASE\thymeleaf-spring4-3.0.8.RELEASE.jar;C:\Users\Sivakumar ARUMUGAM\.m2\repository\org\thymeleaf\thymeleaf\3.0.8.RELEASE\thymeleaf-3.0.8.RELEASE.jar;C:\Users\Sivakumar ARUMUGAM\.m2\repository\org\attoparser\attoparser\2.0.4.RELEASE\attoparser-2.0.4.RELEASE.jar;C:\Users\Sivakumar ARUMUGAM\.m2\repository\org\unbescape\unbescape\1.1.5.RELEASE\unbescape-1.1.5.RELEASE.jar;C:\Users\Sivakumar ARUMUGAM\.m2\repository\nz\net\ultraq\thymeleaf\thymeleaf-layout-dialect\2.2.2\thymeleaf-layout-dialect-2.2.2.jar;C:\Users\Sivakumar ARUMUGAM\.m2\repository\nz\net\ultraq\thymeleaf\thymeleaf-expression-processor\1.1.3\thymeleaf-expression-processor-1.1.3.jar;C:\Users\Sivakumar ARUMUGAM\.m2\repository\org\codehaus\groovy\groovy\2.4.12\groovy-2.4.12.jar;C:\Users\Sivakumar ARUMUGAM\.m2\repository\org\thymeleaf\extras\thymeleaf-extras-springsecurity4\3.0.2.RELEASE\thymeleaf-extras-springsecurity4-3.0.2.RELEASE.jar;C:\Users\Sivakumar ARUMUGAM\.m2\repository\org\slf4j\slf4j-api\1.7.25\slf4j-api-1.7.25.jar;C:\Users\Sivakumar ARUMUGAM\.m2\repository\org\webjars\bootstrap\3.3.7\bootstrap-3.3.7.jar;C:\Users\Sivakumar ARUMUGAM\.m2\repository\org\webjars\jquery\3.2.1\jquery-3.2.1.jar;C:\Users\Sivakumar ARUMUGAM\.m2\repository\org\springframework\boot\spring-boot-starter-test\1.5.8.RELEASE\spring-boot-starter-test-1.5.8.RELEASE.jar;C:\Users\Sivakumar ARUMUGAM\.m2\repository\org\springframework\boot\spring-boot-test\1.5.8.RELEASE\spring-boot-test-1.5.8.RELEASE.jar;C:\Users\Sivakumar ARUMUGAM\.m2\repository\org\springframework\boot\spring-boot-test-autoconfigure\1.5.8.RELEASE\spring-boot-test-autoconfigure-1.5.8.RELEASE.jar;C:\Users\Sivakumar ARUMUGAM\.m2\repository\com\jayway\jsonpath\json-path\2.2.0\json-path-2.2.0.jar;C:\Users\Sivakumar ARUMUGAM\.m2\repository\net\minidev\json-smart\2.2.1\json-smart-2.2.1.jar;C:\Users\Sivakumar ARUMUGAM\.m2\repository\net\minidev\accessors-smart\1.1\accessors-smart-1.1.jar;C:\Users\Sivakumar ARUMUGAM\.m2\repository\org\ow2\asm\asm\5.0.3\asm-5.0.3.jar;C:\Users\Sivakumar ARUMUGAM\.m2\repository\junit\junit\4.12\junit-4.12.jar;C:\Users\Sivakumar ARUMUGAM\.m2\repository\org\assertj\assertj-core\2.6.0\assertj-core-2.6.0.jar;C:\Users\Sivakumar ARUMUGAM\.m2\repository\org\mockito\mockito-core\1.10.19\mockito-core-1.10.19.jar;C:\Users\Sivakumar ARUMUGAM\.m2\repository\org\objenesis\objenesis\2.1\objenesis-2.1.jar;C:\Users\Sivakumar ARUMUGAM\.m2\repository\org\hamcrest\hamcrest-core\1.3\hamcrest-core-1.3.jar;C:\Users\Sivakumar ARUMUGAM\.m2\repository\org\hamcrest\hamcrest-library\1.3\hamcrest-library-1.3.jar;C:\Users\Sivakumar ARUMUGAM\.m2\repository\org\skyscreamer\jsonassert\1.4.0\jsonassert-1.4.0.jar;C:\Users\Sivakumar ARUMUGAM\.m2\repository\com\vaadin\external\google\android-json\0.0.20131108.vaadin1\android-json-0.0.20131108.vaadin1.jar;C:\Users\Sivakumar ARUMUGAM\.m2\repository\org\springframework\spring-core\4.3.12.RELEASE\spring-core-4.3.12.RELEASE.jar;C:\Users\Sivakumar ARUMUGAM\.m2\repository\org\springframework\spring-test\4.3.12.RELEASE\spring-test-4.3.12.RELEASE.jar;C:\Users\Sivakumar ARUMUGAM\.m2\repository\org\springframework\security\spring-security-test\4.2.3.RELEASE\spring-security-test-4.2.3.RELEASE.jar;C:\Users\Sivakumar ARUMUGAM\.m2\repository\org\springframework\security\spring-security-core\4.2.3.RELEASE\spring-security-core-4.2.3.RELEASE.jar;C:\Users\Sivakumar ARUMUGAM\.m2\repository\aopalliance\aopalliance\1.0\aopalliance-1.0.jar;C:\Users\Sivakumar ARUMUGAM\.m2\repository\org\springframework\spring-tx\4.3.12.RELEASE\spring-tx-4.3.12.RELEASE.jar;C:\Users\Sivakumar ARUMUGAM\.m2\repository\org\springframework\spring-beans\4.3.12.RELEASE\spring-beans-4.3.12.RELEASE.jar;C:\Users\Sivakumar ARUMUGAM\.m2\repository\org\springframework\spring-orm\4.3.12.RELEASE\spring-orm-4.3.12.RELEASE.jar;C:\Users\Sivakumar ARUMUGAM\.m2\repository\org\springframework\spring-jdbc\4.3.12.RELEASE\spring-jdbc-4.3.12.RELEASE.jar;C:\Users\Sivakumar ARUMUGAM\.m2\repository\org\springframework\boot\spring-boot-starter-data-jpa\1.5.8.RELEASE\spring-boot-starter-data-jpa-1.5.8.RELEASE.jar;C:\Users\Sivakumar ARUMUGAM\.m2\repository\org\springframework\boot\spring-boot-starter-aop\1.5.8.RELEASE\spring-boot-starter-aop-1.5.8.RELEASE.jar;C:\Users\Sivakumar ARUMUGAM\.m2\repository\org\aspectj\aspectjweaver\1.8.11\aspectjweaver-1.8.11.jar;C:\Users\Sivakumar ARUMUGAM\.m2\repository\org\springframework\boot\spring-boot-starter-jdbc\1.5.8.RELEASE\spring-boot-starter-jdbc-1.5.8.RELEASE.jar;C:\Users\Sivakumar ARUMUGAM\.m2\repository\org\apache\tomcat\tomcat-jdbc\8.5.23\tomcat-jdbc-8.5.23.jar;C:\Users\Sivakumar ARUMUGAM\.m2\repository\org\apache\tomcat\tomcat-juli\8.5.23\tomcat-juli-8.5.23.jar;C:\Users\Sivakumar ARUMUGAM\.m2\repository\org\hibernate\hibernate-entitymanager\4.3.11.Final\hibernate-entitymanager-4.3.11.Final.jar;C:\Users\Sivakumar ARUMUGAM\.m2\repository\javax\transaction\javax.transaction-api\1.2\javax.transaction-api-1.2.jar;C:\Users\Sivakumar ARUMUGAM\.m2\repository\org\springframework\data\spring-data-jpa\1.11.8.RELEASE\spring-data-jpa-1.11.8.RELEASE.jar;C:\Users\Sivakumar ARUMUGAM\.m2\repository\org\springframework\data\spring-data-commons\1.13.8.RELEASE\spring-data-commons-1.13.8.RELEASE.jar;C:\Users\Sivakumar ARUMUGAM\.m2\repository\org\slf4j\jcl-over-slf4j\1.7.25\jcl-over-slf4j-1.7.25.jar;C:\Users\Sivakumar ARUMUGAM\.m2\repository\org\springframework\spring-aspects\4.3.12.RELEASE\spring-aspects-4.3.12.RELEASE.jar;C:\Users\Sivakumar ARUMUGAM\.m2\repository\org\hibernate\hibernate-core\4.3.11.Final\hibernate-core-4.3.11.Final.jar;C:\Users\Sivakumar ARUMUGAM\.m2\repository\org\jboss\logging\jboss-logging\3.3.1.Final\jboss-logging-3.3.1.Final.jar;C:\Users\Sivakumar ARUMUGAM\.m2\repository\org\jboss\logging\jboss-logging-annotations\1.2.0.Beta1\jboss-logging-annotations-1.2.0.Beta1.jar;C:\Users\Sivakumar ARUMUGAM\.m2\repository\org\jboss\spec\javax\transaction\jboss-transaction-api_1.2_spec\1.0.0.Final\jboss-transaction-api_1.2_spec-1.0.0.Final.jar;C:\Users\Sivakumar ARUMUGAM\.m2\repository\dom4j\dom4j\1.6.1\dom4j-1.6.1.jar;C:\Users\Sivakumar ARUMUGAM\.m2\repository\org\hibernate\common\hibernate-commons-annotations\4.0.5.Final\hibernate-commons-annotations-4.0.5.Final.jar;C:\Users\Sivakumar ARUMUGAM\.m2\repository\org\hibernate\javax\persistence\hibernate-jpa-2.1-api\1.0.0.Final\hibernate-jpa-2.1-api-1.0.0.Final.jar;C:\Users\Sivakumar ARUMUGAM\.m2\repository\org\javassist\javassist\3.21.0-GA\javassist-3.21.0-GA.jar;C:\Users\Sivakumar ARUMUGAM\.m2\repository\antlr\antlr\2.7.7\antlr-2.7.7.jar;C:\Users\Sivakumar ARUMUGAM\.m2\repository\org\jboss\jandex\1.1.0.Final\jandex-1.1.0.Final.jar;C:\Users\Sivakumar ARUMUGAM\.m2\repository\javax\validation\validation-api\1.1.0.Final\validation-api-1.1.0.Final.jar;C:\Users\Sivakumar ARUMUGAM\.m2\repository\org\hibernate\hibernate-validator\5.1.3.Final\hibernate-validator-5.1.3.Final.jar;C:\Users\Sivakumar ARUMUGAM\.m2\repository\com\fasterxml\classmate\1.3.4\classmate-1.3.4.jar;C:\Users\Sivakumar ARUMUGAM\.m2\repository\mysql\mysql-connector-java\5.1.44\mysql-connector-java-5.1.44.jar;C:\Users\Sivakumar ARUMUGAM\.m2\repository\com\codahale\metrics\metrics-core\3.0.2\metrics-core-3.0.2.jar;, user.name=Sivakumar ARUMUGAM, java.vm.specification.version=1.8, sun.java.command=C:\Users\Sivakumar ARUMUGAM\git\alumpana\target\surefire\surefirebooter7972491823084270004.jar C:\Users\Sivakumar ARUMUGAM\git\alumpana\target\surefire\surefire3759437809685615394tmp C:\Users\Sivakumar ARUMUGAM\git\alumpana\target\surefire\surefire_02317950358313489056tmp, java.home=C:\Program Files\Java\jre1.8.0_181, sun.arch.data.model=32, user.language=en, java.specification.vendor=Oracle Corporation, awt.toolkit=sun.awt.windows.WToolkit, java.vm.info=mixed mode, sharing, java.version=1.8.0_181, java.ext.dirs=C:\Program Files\Java\jre1.8.0_181\lib\ext;C:\Windows\Sun\Java\lib\ext, sun.boot.class.path=C:\Program Files\Java\jre1.8.0_181\lib\resources.jar;C:\Program Files\Java\jre1.8.0_181\lib\rt.jar;C:\Program Files\Java\jre1.8.0_181\lib\sunrsasign.jar;C:\Program Files\Java\jre1.8.0_181\lib\jsse.jar;C:\Program Files\Java\jre1.8.0_181\lib\jce.jar;C:\Program Files\Java\jre1.8.0_181\lib\charsets.jar;C:\Program Files\Java\jre1.8.0_181\lib\jfr.jar;C:\Program Files\Java\jre1.8.0_181\classes, java.vendor=Oracle Corporation, localRepository=C:\Users\Sivakumar ARUMUGAM\.m2\repository, file.separator=\, java.vendor.url.bug=http://bugreport.sun.com/bugreport/, sun.io.unicode.encoding=UnicodeLittle, sun.cpu.endian=little, sun.desktop=windows, sun.cpu.isalist=pentium_pro+mmx pentium_pro pentium+mmx pentium i486 i386 i86}}, SystemEnvironmentPropertySource@12394814 {name='systemEnvironment', properties={GOOGLE_DEFAULT_CLIENT_ID=no, PATH=C:/Program Files/Java/jre1.8.0_181/bin/client;C:/Program Files/Java/jre1.8.0_181/bin;C:/Program Files/Java/jre1.8.0_181/lib/i386;C:\Program Files\Common Files\Oracle\Java\javapath;C:\app\Sivakumar\product\11.1.0\db_1\bin;C:\app\Sivakumar ARUMUGAM\product\11.1.0\db_3\bin;C:\app\Sivakumar ARUMUGAM\product\11.1.0\db_1\bin;C:\Windows\system32;C:\Windows;C:\Windows\System32\Wbem;C:\Windows\System32\WindowsPowerShell\v1.0\;C:\Program Files\MySQL\MySQL Server 5.1\bin;C:\Program Files\Heroku\bin;D:\Softwares\java\eclipse;, LOCALAPPDATA=C:\Users\Sivakumar ARUMUGAM\AppData\Local, PROCESSOR_LEVEL=6, SYSTEMDRIVE=C:, FP_NO_HOST_CHECK=NO, USERDOMAIN=Sivakumar, LOGONSERVER=\\SIVAKUMAR, PROMPT=$P$G, SESSIONNAME=Console, ALLUSERSPROFILE=C:\ProgramData, PROCESSOR_ARCHITECTURE=x86, GOOGLE_DEFAULT_CLIENT_SECRET=no, PROGRAMFILES=C:\Program Files, =C:=C:\Users\Sivakumar ARUMUGAM\git\alumpana, APPDATA=C:\Users\Sivakumar ARUMUGAM\AppData\Roaming, PSMODULEPATH=C:\Windows\system32\WindowsPowerShell\v1.0\Modules\, PROGRAMDATA=C:\ProgramData, SYSTEMROOT=C:\Windows, USERNAME=Sivakumar ARUMUGAM, GOOGLE_API_KEY=no, PATHEXT=.COM;.EXE;.BAT;.CMD;.VBS;.VBE;.JS;.JSE;.WSF;.WSH;.MSC, OS=Windows_NT, COMPUTERNAME=SIVAKUMAR, COMMONPROGRAMFILES=C:\Program Files\Common Files, COMSPEC=C:\Windows\system32\cmd.exe, PROCESSOR_REVISION=0f0d, WINDIR=C:\Windows, HOMEPATH=\Users\Sivakumar ARUMUGAM, TEMP=C:\Users\SIVAKU~1\AppData\Local\Temp, HOMEDRIVE=C:, PROCESSOR_IDENTIFIER=x86 Family 6 Model 15 Stepping 13, GenuineIntel, USERPROFILE=C:\Users\Sivakumar ARUMUGAM, TMP=C:\Users\SIVAKU~1\AppData\Local\Temp, PUBLIC=C:\Users\Public, NUMBER_OF_PROCESSORS=2, =::=::\}}]
20:58:05.445 [main] DEBUG org.springframework.core.io.support.PathMatchingResourcePatternResolver - Resolved classpath location [com/alumpana/resource/management/spring/security/test/] to resources [URL [file:/C:/Users/Sivakumar%20ARUMUGAM/git/alumpana/target/test-classes/com/alumpana/resource/management/spring/security/test/]]
20:58:05.446 [main] DEBUG org.springframework.core.io.support.PathMatchingResourcePatternResolver - Looking for matching resources in directory tree [C:\Users\Sivakumar ARUMUGAM\git\alumpana\target\test-classes\com\alumpana\resource\management\spring\security\test]
20:58:05.446 [main] DEBUG org.springframework.core.io.support.PathMatchingResourcePatternResolver - Searching directory [C:\Users\Sivakumar ARUMUGAM\git\alumpana\target\test-classes\com\alumpana\resource\management\spring\security\test] for files matching pattern [C:/Users/Sivakumar ARUMUGAM/git/alumpana/target/test-classes/com/alumpana/resource/management/spring/security/test/*.class]
20:58:05.453 [main] DEBUG org.springframework.core.io.support.PathMatchingResourcePatternResolver - Resolved location pattern [classpath*:com/alumpana/resource/management/spring/security/test/*.class] to resources [file [C:\Users\Sivakumar ARUMUGAM\git\alumpana\target\test-classes\com\alumpana\resource\management\spring\security\test\HomeControllerApplicationTests.class]]
20:58:05.504 [main] DEBUG org.springframework.core.io.support.PathMatchingResourcePatternResolver - Resolved classpath location [com/alumpana/resource/management/spring/security/] to resources [URL [file:/C:/Users/Sivakumar%20ARUMUGAM/git/alumpana/target/test-classes/com/alumpana/resource/management/spring/security/]]
20:58:05.505 [main] DEBUG org.springframework.core.io.support.PathMatchingResourcePatternResolver - Looking for matching resources in directory tree [C:\Users\Sivakumar ARUMUGAM\git\alumpana\target\test-classes\com\alumpana\resource\management\spring\security]
20:58:05.505 [main] DEBUG org.springframework.core.io.support.PathMatchingResourcePatternResolver - Searching directory [C:\Users\Sivakumar ARUMUGAM\git\alumpana\target\test-classes\com\alumpana\resource\management\spring\security] for files matching pattern [C:/Users/Sivakumar ARUMUGAM/git/alumpana/target/test-classes/com/alumpana/resource/management/spring/security/*.class]
20:58:05.506 [main] DEBUG org.springframework.core.io.support.PathMatchingResourcePatternResolver - Resolved location pattern [classpath*:com/alumpana/resource/management/spring/security/*.class] to resources []
20:58:05.508 [main] DEBUG org.springframework.core.io.support.PathMatchingResourcePatternResolver - Resolved classpath location [com/alumpana/resource/management/spring/] to resources [URL [file:/C:/Users/Sivakumar%20ARUMUGAM/git/alumpana/target/test-classes/com/alumpana/resource/management/spring/], URL [file:/C:/Users/Sivakumar%20ARUMUGAM/git/alumpana/target/classes/com/alumpana/resource/management/spring/]]
20:58:05.508 [main] DEBUG org.springframework.core.io.support.PathMatchingResourcePatternResolver - Looking for matching resources in directory tree [C:\Users\Sivakumar ARUMUGAM\git\alumpana\target\test-classes\com\alumpana\resource\management\spring]
20:58:05.509 [main] DEBUG org.springframework.core.io.support.PathMatchingResourcePatternResolver - Searching directory [C:\Users\Sivakumar ARUMUGAM\git\alumpana\target\test-classes\com\alumpana\resource\management\spring] for files matching pattern [C:/Users/Sivakumar ARUMUGAM/git/alumpana/target/test-classes/com/alumpana/resource/management/spring/*.class]
20:58:05.510 [main] DEBUG org.springframework.core.io.support.PathMatchingResourcePatternResolver - Looking for matching resources in directory tree [C:\Users\Sivakumar ARUMUGAM\git\alumpana\target\classes\com\alumpana\resource\management\spring]
20:58:05.510 [main] DEBUG org.springframework.core.io.support.PathMatchingResourcePatternResolver - Searching directory [C:\Users\Sivakumar ARUMUGAM\git\alumpana\target\classes\com\alumpana\resource\management\spring] for files matching pattern [C:/Users/Sivakumar ARUMUGAM/git/alumpana/target/classes/com/alumpana/resource/management/spring/*.class]
20:58:05.514 [main] DEBUG org.springframework.core.io.support.PathMatchingResourcePatternResolver - Resolved location pattern [classpath*:com/alumpana/resource/management/spring/*.class] to resources [file [C:\Users\Sivakumar ARUMUGAM\git\alumpana\target\classes\com\alumpana\resource\management\spring\WhatMan.class]]
20:58:05.584 [main] DEBUG org.springframework.context.annotation.ClassPathScanningCandidateComponentProvider - Identified candidate component class: file [C:\Users\Sivakumar ARUMUGAM\git\alumpana\target\classes\com\alumpana\resource\management\spring\WhatMan.class]
20:58:05.587 [main] INFO org.springframework.boot.test.context.SpringBootTestContextBootstrapper - Found @SpringBootConfiguration com.alumpana.resource.management.spring.WhatMan for test class com.alumpana.resource.management.spring.security.test.HomeControllerApplicationTests
20:58:05.605 [main] DEBUG org.springframework.boot.test.context.SpringBootTestContextBootstrapper - @TestExecutionListeners is not present for class [com.alumpana.resource.management.spring.security.test.HomeControllerApplicationTests]: using defaults.
20:58:05.620 [main] INFO org.springframework.boot.test.context.SpringBootTestContextBootstrapper - Loaded default TestExecutionListener class names from location [META-INF/spring.factories]: [org.springframework.boot.test.mock.mockito.MockitoTestExecutionListener, org.springframework.boot.test.mock.mockito.ResetMocksTestExecutionListener, org.springframework.boot.test.autoconfigure.restdocs.RestDocsTestExecutionListener, org.springframework.boot.test.autoconfigure.web.client.MockRestServiceServerResetTestExecutionListener, org.springframework.boot.test.autoconfigure.web.servlet.MockMvcPrintOnlyOnFailureTestExecutionListener, org.springframework.boot.test.autoconfigure.web.servlet.WebDriverTestExecutionListener, org.springframework.test.context.web.ServletTestExecutionListener, org.springframework.test.context.support.DirtiesContextBeforeModesTestExecutionListener, org.springframework.test.context.support.DependencyInjectionTestExecutionListener, org.springframework.test.context.support.DirtiesContextTestExecutionListener, org.springframework.test.context.transaction.TransactionalTestExecutionListener, org.springframework.test.context.jdbc.SqlScriptsTestExecutionListener, org.springframework.security.test.context.support.WithSecurityContextTestExecutionListener]
20:58:05.689 [main] INFO org.springframework.boot.test.context.SpringBootTestContextBootstrapper - Using TestExecutionListeners: [org.springframework.test.context.web.ServletTestExecutionListener@6e276e, org.springframework.test.context.support.DirtiesContextBeforeModesTestExecutionListener@14df152, org.springframework.boot.test.autoconfigure.SpringBootDependencyInjectionTestExecutionListener@e677af, org.springframework.test.context.support.DirtiesContextTestExecutionListener@1083305, org.springframework.test.context.transaction.TransactionalTestExecutionListener@e0379d, org.springframework.test.context.jdbc.SqlScriptsTestExecutionListener@1b80b2, org.springframework.security.test.context.support.WithSecurityContextTestExecutionListener@1a1c291, org.springframework.boot.test.autoconfigure.web.client.MockRestServiceServerResetTestExecutionListener@145433b, org.springframework.boot.test.autoconfigure.web.servlet.MockMvcPrintOnlyOnFailureTestExecutionListener@90c451, org.springframework.boot.test.mock.mockito.MockitoTestExecutionListener@e6dfe1, org.springframework.boot.test.autoconfigure.restdocs.RestDocsTestExecutionListener@1083826, org.springframework.boot.test.mock.mockito.ResetMocksTestExecutionListener@5fece7, org.springframework.boot.test.autoconfigure.web.servlet.WebDriverTestExecutionListener@c300f1]
20:58:05.696 [main] DEBUG org.springframework.test.annotation.ProfileValueUtils - Retrieved @ProfileValueSourceConfiguration [null] for test class [com.alumpana.resource.management.spring.security.test.HomeControllerApplicationTests]
20:58:05.697 [main] DEBUG org.springframework.test.annotation.ProfileValueUtils - Retrieved ProfileValueSource type [class org.springframework.test.annotation.SystemProfileValueSource] for class [com.alumpana.resource.management.spring.security.test.HomeControllerApplicationTests]
20:58:05.704 [main] DEBUG org.springframework.test.context.junit4.SpringJUnit4ClassRunner - SpringJUnit4ClassRunner constructor called with [class com.alumpana.resource.management.spring.security.test.HomeControllerApplicationTests]
20:58:05.704 [main] DEBUG org.springframework.test.context.BootstrapUtils - Instantiating CacheAwareContextLoaderDelegate from class [org.springframework.test.context.cache.DefaultCacheAwareContextLoaderDelegate]
20:58:05.705 [main] DEBUG org.springframework.test.context.BootstrapUtils - Instantiating BootstrapContext using constructor [public org.springframework.test.context.support.DefaultBootstrapContext(java.lang.Class,org.springframework.test.context.CacheAwareContextLoaderDelegate)]
20:58:05.706 [main] DEBUG org.springframework.test.context.BootstrapUtils - Instantiating TestContextBootstrapper for test class [com.alumpana.resource.management.spring.security.test.HomeControllerApplicationTests] from class [org.springframework.boot.test.context.SpringBootTestContextBootstrapper]
20:58:05.707 [main] INFO org.springframework.boot.test.context.SpringBootTestContextBootstrapper - Neither @ContextConfiguration nor @ContextHierarchy found for test class [com.alumpana.resource.management.spring.security.test.HomeControllerApplicationTests], using SpringBootContextLoader
20:58:05.709 [main] DEBUG org.springframework.test.context.support.AbstractContextLoader - Did not detect default resource location for test class [com.alumpana.resource.management.spring.security.test.HomeControllerApplicationTests]: class path resource [com/alumpana/resource/management/spring/security/test/HomeControllerApplicationTests-context.xml] does not exist
20:58:05.710 [main] DEBUG org.springframework.test.context.support.AbstractContextLoader - Did not detect default resource location for test class [com.alumpana.resource.management.spring.security.test.HomeControllerApplicationTests]: class path resource [com/alumpana/resource/management/spring/security/test/HomeControllerApplicationTestsContext.groovy] does not exist
20:58:05.710 [main] INFO org.springframework.test.context.support.AbstractContextLoader - Could not detect default resource locations for test class [com.alumpana.resource.management.spring.security.test.HomeControllerApplicationTests]: no resource found for suffixes {-context.xml, Context.groovy}.
20:58:05.710 [main] INFO org.springframework.test.context.support.AnnotationConfigContextLoaderUtils - Could not detect default configuration classes for test class [com.alumpana.resource.management.spring.security.test.HomeControllerApplicationTests]: HomeControllerApplicationTests does not declare any static, non-private, non-final, nested classes annotated with @Configuration.
20:58:05.739 [main] DEBUG org.springframework.test.context.support.ActiveProfilesUtils - Could not find an 'annotation declaring class' for annotation type [org.springframework.test.context.ActiveProfiles] and class [com.alumpana.resource.management.spring.security.test.HomeControllerApplicationTests]
20:58:05.739 [main] DEBUG org.springframework.core.env.StandardEnvironment - Adding PropertySource 'systemProperties' with lowest search precedence
20:58:05.739 [main] DEBUG org.springframework.core.env.StandardEnvironment - Adding PropertySource 'systemEnvironment' with lowest search precedence
20:58:05.740 [main] DEBUG org.springframework.core.env.StandardEnvironment - Initialized StandardEnvironment with PropertySources [MapPropertySource@28594521 {name='systemProperties', properties={java.runtime.name=Java(TM) SE Runtime Environment, sun.boot.library.path=C:\Program Files\Java\jre1.8.0_181\bin, java.vm.version=25.181-b13, java.vm.vendor=Oracle Corporation, java.vendor.url=http://java.oracle.com/, path.separator=;, java.vm.name=Java HotSpot(TM) Client VM, file.encoding.pkg=sun.io, user.country=US, user.script=, sun.java.launcher=SUN_STANDARD, sun.os.patch.level=, java.vm.specification.name=Java Virtual Machine Specification, user.dir=C:\Users\Sivakumar ARUMUGAM\git\alumpana, java.runtime.version=1.8.0_181-b13, basedir=C:\Users\Sivakumar ARUMUGAM\git\alumpana, java.awt.graphicsenv=sun.awt.Win32GraphicsEnvironment, java.endorsed.dirs=C:\Program Files\Java\jre1.8.0_181\lib\endorsed, os.arch=x86, surefire.real.class.path=C:\Users\Sivakumar ARUMUGAM\git\alumpana\target\surefire\surefirebooter7972491823084270004.jar, java.io.tmpdir=C:\Users\SIVAKU~1\AppData\Local\Temp\, line.separator=
, java.vm.specification.vendor=Oracle Corporation, user.variant=, os.name=Windows 7, sun.jnu.encoding=Cp1252, java.library.path=C:\Program Files\Java\jre1.8.0_181\bin;C:\Windows\Sun\Java\bin;C:\Windows\system32;C:\Windows;C:/Program Files/Java/jre1.8.0_181/bin/client;C:/Program Files/Java/jre1.8.0_181/bin;C:/Program Files/Java/jre1.8.0_181/lib/i386;C:\Program Files\Common Files\Oracle\Java\javapath;C:\app\Sivakumar\product\11.1.0\db_1\bin;C:\app\Sivakumar ARUMUGAM\product\11.1.0\db_3\bin;C:\app\Sivakumar ARUMUGAM\product\11.1.0\db_1\bin;C:\Windows\system32;C:\Windows;C:\Windows\System32\Wbem;C:\Windows\System32\WindowsPowerShell\v1.0\;C:\Program Files\MySQL\MySQL Server 5.1\bin;C:\Program Files\Heroku\bin;D:\Softwares\java\eclipse;;., surefire.test.class.path=C:\Users\Sivakumar ARUMUGAM\git\alumpana\target\test-classes;C:\Users\Sivakumar ARUMUGAM\git\alumpana\target\classes;C:\Users\Sivakumar ARUMUGAM\.m2\repository\org\springframework\boot\spring-boot-starter-web\1.5.8.RELEASE\spring-boot-starter-web-1.5.8.RELEASE.jar;C:\Users\Sivakumar ARUMUGAM\.m2\repository\org\springframework\boot\spring-boot-starter\1.5.8.RELEASE\spring-boot-starter-1.5.8.RELEASE.jar;C:\Users\Sivakumar ARUMUGAM\.m2\repository\org\springframework\boot\spring-boot\1.5.8.RELEASE\spring-boot-1.5.8.RELEASE.jar;C:\Users\Sivakumar ARUMUGAM\.m2\repository\org\springframework\boot\spring-boot-autoconfigure\1.5.8.RELEASE\spring-boot-autoconfigure-1.5.8.RELEASE.jar;C:\Users\Sivakumar ARUMUGAM\.m2\repository\org\springframework\boot\spring-boot-starter-logging\1.5.8.RELEASE\spring-boot-starter-logging-1.5.8.RELEASE.jar;C:\Users\Sivakumar ARUMUGAM\.m2\repository\ch\qos\logback\logback-classic\1.1.11\logback-classic-1.1.11.jar;C:\Users\Sivakumar ARUMUGAM\.m2\repository\ch\qos\logback\logback-core\1.1.11\logback-core-1.1.11.jar;C:\Users\Sivakumar ARUMUGAM\.m2\repository\org\slf4j\jul-to-slf4j\1.7.25\jul-to-slf4j-1.7.25.jar;C:\Users\Sivakumar ARUMUGAM\.m2\repository\org\slf4j\log4j-over-slf4j\1.7.25\log4j-over-slf4j-1.7.25.jar;C:\Users\Sivakumar ARUMUGAM\.m2\repository\org\yaml\snakeyaml\1.17\snakeyaml-1.17.jar;C:\Users\Sivakumar ARUMUGAM\.m2\repository\org\springframework\boot\spring-boot-starter-tomcat\1.5.8.RELEASE\spring-boot-starter-tomcat-1.5.8.RELEASE.jar;C:\Users\Sivakumar ARUMUGAM\.m2\repository\org\apache\tomcat\embed\tomcat-embed-core\8.5.23\tomcat-embed-core-8.5.23.jar;C:\Users\Sivakumar ARUMUGAM\.m2\repository\org\apache\tomcat\tomcat-annotations-api\8.5.23\tomcat-annotations-api-8.5.23.jar;C:\Users\Sivakumar ARUMUGAM\.m2\repository\org\apache\tomcat\embed\tomcat-embed-el\8.5.23\tomcat-embed-el-8.5.23.jar;C:\Users\Sivakumar ARUMUGAM\.m2\repository\org\apache\tomcat\embed\tomcat-embed-websocket\8.5.23\tomcat-embed-websocket-8.5.23.jar;C:\Users\Sivakumar ARUMUGAM\.m2\repository\com\fasterxml\jackson\core\jackson-databind\2.8.10\jackson-databind-2.8.10.jar;C:\Users\Sivakumar ARUMUGAM\.m2\repository\com\fasterxml\jackson\core\jackson-annotations\2.8.0\jackson-annotations-2.8.0.jar;C:\Users\Sivakumar ARUMUGAM\.m2\repository\com\fasterxml\jackson\core\jackson-core\2.8.10\jackson-core-2.8.10.jar;C:\Users\Sivakumar ARUMUGAM\.m2\repository\org\springframework\spring-web\4.3.12.RELEASE\spring-web-4.3.12.RELEASE.jar;C:\Users\Sivakumar ARUMUGAM\.m2\repository\org\springframework\spring-context\4.3.12.RELEASE\spring-context-4.3.12.RELEASE.jar;C:\Users\Sivakumar ARUMUGAM\.m2\repository\org\springframework\spring-webmvc\4.3.12.RELEASE\spring-webmvc-4.3.12.RELEASE.jar;C:\Users\Sivakumar ARUMUGAM\.m2\repository\org\springframework\spring-expression\4.3.12.RELEASE\spring-expression-4.3.12.RELEASE.jar;C:\Users\Sivakumar ARUMUGAM\.m2\repository\org\springframework\boot\spring-boot-starter-security\1.5.8.RELEASE\spring-boot-starter-security-1.5.8.RELEASE.jar;C:\Users\Sivakumar ARUMUGAM\.m2\repository\org\springframework\spring-aop\4.3.12.RELEASE\spring-aop-4.3.12.RELEASE.jar;C:\Users\Sivakumar ARUMUGAM\.m2\repository\org\springframework\security\spring-security-config\4.2.3.RELEASE\spring-security-config-4.2.3.RELEASE.jar;C:\Users\Sivakumar ARUMUGAM\.m2\repository\org\springframework\security\spring-security-web\4.2.3.RELEASE\spring-security-web-4.2.3.RELEASE.jar;C:\Users\Sivakumar ARUMUGAM\.m2\repository\org\springframework\boot\spring-boot-starter-thymeleaf\1.5.8.RELEASE\spring-boot-starter-thymeleaf-1.5.8.RELEASE.jar;C:\Users\Sivakumar ARUMUGAM\.m2\repository\org\thymeleaf\thymeleaf-spring4\3.0.8.RELEASE\thymeleaf-spring4-3.0.8.RELEASE.jar;C:\Users\Sivakumar ARUMUGAM\.m2\repository\org\thymeleaf\thymeleaf\3.0.8.RELEASE\thymeleaf-3.0.8.RELEASE.jar;C:\Users\Sivakumar ARUMUGAM\.m2\repository\org\attoparser\attoparser\2.0.4.RELEASE\attoparser-2.0.4.RELEASE.jar;C:\Users\Sivakumar ARUMUGAM\.m2\repository\org\unbescape\unbescape\1.1.5.RELEASE\unbescape-1.1.5.RELEASE.jar;C:\Users\Sivakumar ARUMUGAM\.m2\repository\nz\net\ultraq\thymeleaf\thymeleaf-layout-dialect\2.2.2\thymeleaf-layout-dialect-2.2.2.jar;C:\Users\Sivakumar ARUMUGAM\.m2\repository\nz\net\ultraq\thymeleaf\thymeleaf-expression-processor\1.1.3\thymeleaf-expression-processor-1.1.3.jar;C:\Users\Sivakumar ARUMUGAM\.m2\repository\org\codehaus\groovy\groovy\2.4.12\groovy-2.4.12.jar;C:\Users\Sivakumar ARUMUGAM\.m2\repository\org\thymeleaf\extras\thymeleaf-extras-springsecurity4\3.0.2.RELEASE\thymeleaf-extras-springsecurity4-3.0.2.RELEASE.jar;C:\Users\Sivakumar ARUMUGAM\.m2\repository\org\slf4j\slf4j-api\1.7.25\slf4j-api-1.7.25.jar;C:\Users\Sivakumar ARUMUGAM\.m2\repository\org\webjars\bootstrap\3.3.7\bootstrap-3.3.7.jar;C:\Users\Sivakumar ARUMUGAM\.m2\repository\org\webjars\jquery\3.2.1\jquery-3.2.1.jar;C:\Users\Sivakumar ARUMUGAM\.m2\repository\org\springframework\boot\spring-boot-starter-test\1.5.8.RELEASE\spring-boot-starter-test-1.5.8.RELEASE.jar;C:\Users\Sivakumar ARUMUGAM\.m2\repository\org\springframework\boot\spring-boot-test\1.5.8.RELEASE\spring-boot-test-1.5.8.RELEASE.jar;C:\Users\Sivakumar ARUMUGAM\.m2\repository\org\springframework\boot\spring-boot-test-autoconfigure\1.5.8.RELEASE\spring-boot-test-autoconfigure-1.5.8.RELEASE.jar;C:\Users\Sivakumar ARUMUGAM\.m2\repository\com\jayway\jsonpath\json-path\2.2.0\json-path-2.2.0.jar;C:\Users\Sivakumar ARUMUGAM\.m2\repository\net\minidev\json-smart\2.2.1\json-smart-2.2.1.jar;C:\Users\Sivakumar ARUMUGAM\.m2\repository\net\minidev\accessors-smart\1.1\accessors-smart-1.1.jar;C:\Users\Sivakumar ARUMUGAM\.m2\repository\org\ow2\asm\asm\5.0.3\asm-5.0.3.jar;C:\Users\Sivakumar ARUMUGAM\.m2\repository\junit\junit\4.12\junit-4.12.jar;C:\Users\Sivakumar ARUMUGAM\.m2\repository\org\assertj\assertj-core\2.6.0\assertj-core-2.6.0.jar;C:\Users\Sivakumar ARUMUGAM\.m2\repository\org\mockito\mockito-core\1.10.19\mockito-core-1.10.19.jar;C:\Users\Sivakumar ARUMUGAM\.m2\repository\org\objenesis\objenesis\2.1\objenesis-2.1.jar;C:\Users\Sivakumar ARUMUGAM\.m2\repository\org\hamcrest\hamcrest-core\1.3\hamcrest-core-1.3.jar;C:\Users\Sivakumar ARUMUGAM\.m2\repository\org\hamcrest\hamcrest-library\1.3\hamcrest-library-1.3.jar;C:\Users\Sivakumar ARUMUGAM\.m2\repository\org\skyscreamer\jsonassert\1.4.0\jsonassert-1.4.0.jar;C:\Users\Sivakumar ARUMUGAM\.m2\repository\com\vaadin\external\google\android-json\0.0.20131108.vaadin1\android-json-0.0.20131108.vaadin1.jar;C:\Users\Sivakumar ARUMUGAM\.m2\repository\org\springframework\spring-core\4.3.12.RELEASE\spring-core-4.3.12.RELEASE.jar;C:\Users\Sivakumar ARUMUGAM\.m2\repository\org\springframework\spring-test\4.3.12.RELEASE\spring-test-4.3.12.RELEASE.jar;C:\Users\Sivakumar ARUMUGAM\.m2\repository\org\springframework\security\spring-security-test\4.2.3.RELEASE\spring-security-test-4.2.3.RELEASE.jar;C:\Users\Sivakumar ARUMUGAM\.m2\repository\org\springframework\security\spring-security-core\4.2.3.RELEASE\spring-security-core-4.2.3.RELEASE.jar;C:\Users\Sivakumar ARUMUGAM\.m2\repository\aopalliance\aopalliance\1.0\aopalliance-1.0.jar;C:\Users\Sivakumar ARUMUGAM\.m2\repository\org\springframework\spring-tx\4.3.12.RELEASE\spring-tx-4.3.12.RELEASE.jar;C:\Users\Sivakumar ARUMUGAM\.m2\repository\org\springframework\spring-beans\4.3.12.RELEASE\spring-beans-4.3.12.RELEASE.jar;C:\Users\Sivakumar ARUMUGAM\.m2\repository\org\springframework\spring-orm\4.3.12.RELEASE\spring-orm-4.3.12.RELEASE.jar;C:\Users\Sivakumar ARUMUGAM\.m2\repository\org\springframework\spring-jdbc\4.3.12.RELEASE\spring-jdbc-4.3.12.RELEASE.jar;C:\Users\Sivakumar ARUMUGAM\.m2\repository\org\springframework\boot\spring-boot-starter-data-jpa\1.5.8.RELEASE\spring-boot-starter-data-jpa-1.5.8.RELEASE.jar;C:\Users\Sivakumar ARUMUGAM\.m2\repository\org\springframework\boot\spring-boot-starter-aop\1.5.8.RELEASE\spring-boot-starter-aop-1.5.8.RELEASE.jar;C:\Users\Sivakumar ARUMUGAM\.m2\repository\org\aspectj\aspectjweaver\1.8.11\aspectjweaver-1.8.11.jar;C:\Users\Sivakumar ARUMUGAM\.m2\repository\org\springframework\boot\spring-boot-starter-jdbc\1.5.8.RELEASE\spring-boot-starter-jdbc-1.5.8.RELEASE.jar;C:\Users\Sivakumar ARUMUGAM\.m2\repository\org\apache\tomcat\tomcat-jdbc\8.5.23\tomcat-jdbc-8.5.23.jar;C:\Users\Sivakumar ARUMUGAM\.m2\repository\org\apache\tomcat\tomcat-juli\8.5.23\tomcat-juli-8.5.23.jar;C:\Users\Sivakumar ARUMUGAM\.m2\repository\org\hibernate\hibernate-entitymanager\4.3.11.Final\hibernate-entitymanager-4.3.11.Final.jar;C:\Users\Sivakumar ARUMUGAM\.m2\repository\javax\transaction\javax.transaction-api\1.2\javax.transaction-api-1.2.jar;C:\Users\Sivakumar ARUMUGAM\.m2\repository\org\springframework\data\spring-data-jpa\1.11.8.RELEASE\spring-data-jpa-1.11.8.RELEASE.jar;C:\Users\Sivakumar ARUMUGAM\.m2\repository\org\springframework\data\spring-data-commons\1.13.8.RELEASE\spring-data-commons-1.13.8.RELEASE.jar;C:\Users\Sivakumar ARUMUGAM\.m2\repository\org\slf4j\jcl-over-slf4j\1.7.25\jcl-over-slf4j-1.7.25.jar;C:\Users\Sivakumar ARUMUGAM\.m2\repository\org\springframework\spring-aspects\4.3.12.RELEASE\spring-aspects-4.3.12.RELEASE.jar;C:\Users\Sivakumar ARUMUGAM\.m2\repository\org\hibernate\hibernate-core\4.3.11.Final\hibernate-core-4.3.11.Final.jar;C:\Users\Sivakumar ARUMUGAM\.m2\repository\org\jboss\logging\jboss-logging\3.3.1.Final\jboss-logging-3.3.1.Final.jar;C:\Users\Sivakumar ARUMUGAM\.m2\repository\org\jboss\logging\jboss-logging-annotations\1.2.0.Beta1\jboss-logging-annotations-1.2.0.Beta1.jar;C:\Users\Sivakumar ARUMUGAM\.m2\repository\org\jboss\spec\javax\transaction\jboss-transaction-api_1.2_spec\1.0.0.Final\jboss-transaction-api_1.2_spec-1.0.0.Final.jar;C:\Users\Sivakumar ARUMUGAM\.m2\repository\dom4j\dom4j\1.6.1\dom4j-1.6.1.jar;C:\Users\Sivakumar ARUMUGAM\.m2\repository\org\hibernate\common\hibernate-commons-annotations\4.0.5.Final\hibernate-commons-annotations-4.0.5.Final.jar;C:\Users\Sivakumar ARUMUGAM\.m2\repository\org\hibernate\javax\persistence\hibernate-jpa-2.1-api\1.0.0.Final\hibernate-jpa-2.1-api-1.0.0.Final.jar;C:\Users\Sivakumar ARUMUGAM\.m2\repository\org\javassist\javassist\3.21.0-GA\javassist-3.21.0-GA.jar;C:\Users\Sivakumar ARUMUGAM\.m2\repository\antlr\antlr\2.7.7\antlr-2.7.7.jar;C:\Users\Sivakumar ARUMUGAM\.m2\repository\org\jboss\jandex\1.1.0.Final\jandex-1.1.0.Final.jar;C:\Users\Sivakumar ARUMUGAM\.m2\repository\javax\validation\validation-api\1.1.0.Final\validation-api-1.1.0.Final.jar;C:\Users\Sivakumar ARUMUGAM\.m2\repository\org\hibernate\hibernate-validator\5.1.3.Final\hibernate-validator-5.1.3.Final.jar;C:\Users\Sivakumar ARUMUGAM\.m2\repository\com\fasterxml\classmate\1.3.4\classmate-1.3.4.jar;C:\Users\Sivakumar ARUMUGAM\.m2\repository\mysql\mysql-connector-java\5.1.44\mysql-connector-java-5.1.44.jar;C:\Users\Sivakumar ARUMUGAM\.m2\repository\com\codahale\metrics\metrics-core\3.0.2\metrics-core-3.0.2.jar;, java.specification.name=Java Platform API Specification, java.class.version=52.0, sun.management.compiler=HotSpot Client Compiler, os.version=6.1, user.home=C:\Users\Sivakumar ARUMUGAM, user.timezone=Asia/Calcutta, java.awt.printerjob=sun.awt.windows.WPrinterJob, file.encoding=Cp1252, java.specification.version=1.8, java.class.path=C:\Users\Sivakumar ARUMUGAM\git\alumpana\target\test-classes;C:\Users\Sivakumar ARUMUGAM\git\alumpana\target\classes;C:\Users\Sivakumar ARUMUGAM\.m2\repository\org\springframework\boot\spring-boot-starter-web\1.5.8.RELEASE\spring-boot-starter-web-1.5.8.RELEASE.jar;C:\Users\Sivakumar ARUMUGAM\.m2\repository\org\springframework\boot\spring-boot-starter\1.5.8.RELEASE\spring-boot-starter-1.5.8.RELEASE.jar;C:\Users\Sivakumar ARUMUGAM\.m2\repository\org\springframework\boot\spring-boot\1.5.8.RELEASE\spring-boot-1.5.8.RELEASE.jar;C:\Users\Sivakumar ARUMUGAM\.m2\repository\org\springframework\boot\spring-boot-autoconfigure\1.5.8.RELEASE\spring-boot-autoconfigure-1.5.8.RELEASE.jar;C:\Users\Sivakumar ARUMUGAM\.m2\repository\org\springframework\boot\spring-boot-starter-logging\1.5.8.RELEASE\spring-boot-starter-logging-1.5.8.RELEASE.jar;C:\Users\Sivakumar ARUMUGAM\.m2\repository\ch\qos\logback\logback-classic\1.1.11\logback-classic-1.1.11.jar;C:\Users\Sivakumar ARUMUGAM\.m2\repository\ch\qos\logback\logback-core\1.1.11\logback-core-1.1.11.jar;C:\Users\Sivakumar ARUMUGAM\.m2\repository\org\slf4j\jul-to-slf4j\1.7.25\jul-to-slf4j-1.7.25.jar;C:\Users\Sivakumar ARUMUGAM\.m2\repository\org\slf4j\log4j-over-slf4j\1.7.25\log4j-over-slf4j-1.7.25.jar;C:\Users\Sivakumar ARUMUGAM\.m2\repository\org\yaml\snakeyaml\1.17\snakeyaml-1.17.jar;C:\Users\Sivakumar ARUMUGAM\.m2\repository\org\springframework\boot\spring-boot-starter-tomcat\1.5.8.RELEASE\spring-boot-starter-tomcat-1.5.8.RELEASE.jar;C:\Users\Sivakumar ARUMUGAM\.m2\repository\org\apache\tomcat\embed\tomcat-embed-core\8.5.23\tomcat-embed-core-8.5.23.jar;C:\Users\Sivakumar ARUMUGAM\.m2\repository\org\apache\tomcat\tomcat-annotations-api\8.5.23\tomcat-annotations-api-8.5.23.jar;C:\Users\Sivakumar ARUMUGAM\.m2\repository\org\apache\tomcat\embed\tomcat-embed-el\8.5.23\tomcat-embed-el-8.5.23.jar;C:\Users\Sivakumar ARUMUGAM\.m2\repository\org\apache\tomcat\embed\tomcat-embed-websocket\8.5.23\tomcat-embed-websocket-8.5.23.jar;C:\Users\Sivakumar ARUMUGAM\.m2\repository\com\fasterxml\jackson\core\jackson-databind\2.8.10\jackson-databind-2.8.10.jar;C:\Users\Sivakumar ARUMUGAM\.m2\repository\com\fasterxml\jackson\core\jackson-annotations\2.8.0\jackson-annotations-2.8.0.jar;C:\Users\Sivakumar ARUMUGAM\.m2\repository\com\fasterxml\jackson\core\jackson-core\2.8.10\jackson-core-2.8.10.jar;C:\Users\Sivakumar ARUMUGAM\.m2\repository\org\springframework\spring-web\4.3.12.RELEASE\spring-web-4.3.12.RELEASE.jar;C:\Users\Sivakumar ARUMUGAM\.m2\repository\org\springframework\spring-context\4.3.12.RELEASE\spring-context-4.3.12.RELEASE.jar;C:\Users\Sivakumar ARUMUGAM\.m2\repository\org\springframework\spring-webmvc\4.3.12.RELEASE\spring-webmvc-4.3.12.RELEASE.jar;C:\Users\Sivakumar ARUMUGAM\.m2\repository\org\springframework\spring-expression\4.3.12.RELEASE\spring-expression-4.3.12.RELEASE.jar;C:\Users\Sivakumar ARUMUGAM\.m2\repository\org\springframework\boot\spring-boot-starter-security\1.5.8.RELEASE\spring-boot-starter-security-1.5.8.RELEASE.jar;C:\Users\Sivakumar ARUMUGAM\.m2\repository\org\springframework\spring-aop\4.3.12.RELEASE\spring-aop-4.3.12.RELEASE.jar;C:\Users\Sivakumar ARUMUGAM\.m2\repository\org\springframework\security\spring-security-config\4.2.3.RELEASE\spring-security-config-4.2.3.RELEASE.jar;C:\Users\Sivakumar ARUMUGAM\.m2\repository\org\springframework\security\spring-security-web\4.2.3.RELEASE\spring-security-web-4.2.3.RELEASE.jar;C:\Users\Sivakumar ARUMUGAM\.m2\repository\org\springframework\boot\spring-boot-starter-thymeleaf\1.5.8.RELEASE\spring-boot-starter-thymeleaf-1.5.8.RELEASE.jar;C:\Users\Sivakumar ARUMUGAM\.m2\repository\org\thymeleaf\thymeleaf-spring4\3.0.8.RELEASE\thymeleaf-spring4-3.0.8.RELEASE.jar;C:\Users\Sivakumar ARUMUGAM\.m2\repository\org\thymeleaf\thymeleaf\3.0.8.RELEASE\thymeleaf-3.0.8.RELEASE.jar;C:\Users\Sivakumar ARUMUGAM\.m2\repository\org\attoparser\attoparser\2.0.4.RELEASE\attoparser-2.0.4.RELEASE.jar;C:\Users\Sivakumar ARUMUGAM\.m2\repository\org\unbescape\unbescape\1.1.5.RELEASE\unbescape-1.1.5.RELEASE.jar;C:\Users\Sivakumar ARUMUGAM\.m2\repository\nz\net\ultraq\thymeleaf\thymeleaf-layout-dialect\2.2.2\thymeleaf-layout-dialect-2.2.2.jar;C:\Users\Sivakumar ARUMUGAM\.m2\repository\nz\net\ultraq\thymeleaf\thymeleaf-expression-processor\1.1.3\thymeleaf-expression-processor-1.1.3.jar;C:\Users\Sivakumar ARUMUGAM\.m2\repository\org\codehaus\groovy\groovy\2.4.12\groovy-2.4.12.jar;C:\Users\Sivakumar ARUMUGAM\.m2\repository\org\thymeleaf\extras\thymeleaf-extras-springsecurity4\3.0.2.RELEASE\thymeleaf-extras-springsecurity4-3.0.2.RELEASE.jar;C:\Users\Sivakumar ARUMUGAM\.m2\repository\org\slf4j\slf4j-api\1.7.25\slf4j-api-1.7.25.jar;C:\Users\Sivakumar ARUMUGAM\.m2\repository\org\webjars\bootstrap\3.3.7\bootstrap-3.3.7.jar;C:\Users\Sivakumar ARUMUGAM\.m2\repository\org\webjars\jquery\3.2.1\jquery-3.2.1.jar;C:\Users\Sivakumar ARUMUGAM\.m2\repository\org\springframework\boot\spring-boot-starter-test\1.5.8.RELEASE\spring-boot-starter-test-1.5.8.RELEASE.jar;C:\Users\Sivakumar ARUMUGAM\.m2\repository\org\springframework\boot\spring-boot-test\1.5.8.RELEASE\spring-boot-test-1.5.8.RELEASE.jar;C:\Users\Sivakumar ARUMUGAM\.m2\repository\org\springframework\boot\spring-boot-test-autoconfigure\1.5.8.RELEASE\spring-boot-test-autoconfigure-1.5.8.RELEASE.jar;C:\Users\Sivakumar ARUMUGAM\.m2\repository\com\jayway\jsonpath\json-path\2.2.0\json-path-2.2.0.jar;C:\Users\Sivakumar ARUMUGAM\.m2\repository\net\minidev\json-smart\2.2.1\json-smart-2.2.1.jar;C:\Users\Sivakumar ARUMUGAM\.m2\repository\net\minidev\accessors-smart\1.1\accessors-smart-1.1.jar;C:\Users\Sivakumar ARUMUGAM\.m2\repository\org\ow2\asm\asm\5.0.3\asm-5.0.3.jar;C:\Users\Sivakumar ARUMUGAM\.m2\repository\junit\junit\4.12\junit-4.12.jar;C:\Users\Sivakumar ARUMUGAM\.m2\repository\org\assertj\assertj-core\2.6.0\assertj-core-2.6.0.jar;C:\Users\Sivakumar ARUMUGAM\.m2\repository\org\mockito\mockito-core\1.10.19\mockito-core-1.10.19.jar;C:\Users\Sivakumar ARUMUGAM\.m2\repository\org\objenesis\objenesis\2.1\objenesis-2.1.jar;C:\Users\Sivakumar ARUMUGAM\.m2\repository\org\hamcrest\hamcrest-core\1.3\hamcrest-core-1.3.jar;C:\Users\Sivakumar ARUMUGAM\.m2\repository\org\hamcrest\hamcrest-library\1.3\hamcrest-library-1.3.jar;C:\Users\Sivakumar ARUMUGAM\.m2\repository\org\skyscreamer\jsonassert\1.4.0\jsonassert-1.4.0.jar;C:\Users\Sivakumar ARUMUGAM\.m2\repository\com\vaadin\external\google\android-json\0.0.20131108.vaadin1\android-json-0.0.20131108.vaadin1.jar;C:\Users\Sivakumar ARUMUGAM\.m2\repository\org\springframework\spring-core\4.3.12.RELEASE\spring-core-4.3.12.RELEASE.jar;C:\Users\Sivakumar ARUMUGAM\.m2\repository\org\springframework\spring-test\4.3.12.RELEASE\spring-test-4.3.12.RELEASE.jar;C:\Users\Sivakumar ARUMUGAM\.m2\repository\org\springframework\security\spring-security-test\4.2.3.RELEASE\spring-security-test-4.2.3.RELEASE.jar;C:\Users\Sivakumar ARUMUGAM\.m2\repository\org\springframework\security\spring-security-core\4.2.3.RELEASE\spring-security-core-4.2.3.RELEASE.jar;C:\Users\Sivakumar ARUMUGAM\.m2\repository\aopalliance\aopalliance\1.0\aopalliance-1.0.jar;C:\Users\Sivakumar ARUMUGAM\.m2\repository\org\springframework\spring-tx\4.3.12.RELEASE\spring-tx-4.3.12.RELEASE.jar;C:\Users\Sivakumar ARUMUGAM\.m2\repository\org\springframework\spring-beans\4.3.12.RELEASE\spring-beans-4.3.12.RELEASE.jar;C:\Users\Sivakumar ARUMUGAM\.m2\repository\org\springframework\spring-orm\4.3.12.RELEASE\spring-orm-4.3.12.RELEASE.jar;C:\Users\Sivakumar ARUMUGAM\.m2\repository\org\springframework\spring-jdbc\4.3.12.RELEASE\spring-jdbc-4.3.12.RELEASE.jar;C:\Users\Sivakumar ARUMUGAM\.m2\repository\org\springframework\boot\spring-boot-starter-data-jpa\1.5.8.RELEASE\spring-boot-starter-data-jpa-1.5.8.RELEASE.jar;C:\Users\Sivakumar ARUMUGAM\.m2\repository\org\springframework\boot\spring-boot-starter-aop\1.5.8.RELEASE\spring-boot-starter-aop-1.5.8.RELEASE.jar;C:\Users\Sivakumar ARUMUGAM\.m2\repository\org\aspectj\aspectjweaver\1.8.11\aspectjweaver-1.8.11.jar;C:\Users\Sivakumar ARUMUGAM\.m2\repository\org\springframework\boot\spring-boot-starter-jdbc\1.5.8.RELEASE\spring-boot-starter-jdbc-1.5.8.RELEASE.jar;C:\Users\Sivakumar ARUMUGAM\.m2\repository\org\apache\tomcat\tomcat-jdbc\8.5.23\tomcat-jdbc-8.5.23.jar;C:\Users\Sivakumar ARUMUGAM\.m2\repository\org\apache\tomcat\tomcat-juli\8.5.23\tomcat-juli-8.5.23.jar;C:\Users\Sivakumar ARUMUGAM\.m2\repository\org\hibernate\hibernate-entitymanager\4.3.11.Final\hibernate-entitymanager-4.3.11.Final.jar;C:\Users\Sivakumar ARUMUGAM\.m2\repository\javax\transaction\javax.transaction-api\1.2\javax.transaction-api-1.2.jar;C:\Users\Sivakumar ARUMUGAM\.m2\repository\org\springframework\data\spring-data-jpa\1.11.8.RELEASE\spring-data-jpa-1.11.8.RELEASE.jar;C:\Users\Sivakumar ARUMUGAM\.m2\repository\org\springframework\data\spring-data-commons\1.13.8.RELEASE\spring-data-commons-1.13.8.RELEASE.jar;C:\Users\Sivakumar ARUMUGAM\.m2\repository\org\slf4j\jcl-over-slf4j\1.7.25\jcl-over-slf4j-1.7.25.jar;C:\Users\Sivakumar ARUMUGAM\.m2\repository\org\springframework\spring-aspects\4.3.12.RELEASE\spring-aspects-4.3.12.RELEASE.jar;C:\Users\Sivakumar ARUMUGAM\.m2\repository\org\hibernate\hibernate-core\4.3.11.Final\hibernate-core-4.3.11.Final.jar;C:\Users\Sivakumar ARUMUGAM\.m2\repository\org\jboss\logging\jboss-logging\3.3.1.Final\jboss-logging-3.3.1.Final.jar;C:\Users\Sivakumar ARUMUGAM\.m2\repository\org\jboss\logging\jboss-logging-annotations\1.2.0.Beta1\jboss-logging-annotations-1.2.0.Beta1.jar;C:\Users\Sivakumar ARUMUGAM\.m2\repository\org\jboss\spec\javax\transaction\jboss-transaction-api_1.2_spec\1.0.0.Final\jboss-transaction-api_1.2_spec-1.0.0.Final.jar;C:\Users\Sivakumar ARUMUGAM\.m2\repository\dom4j\dom4j\1.6.1\dom4j-1.6.1.jar;C:\Users\Sivakumar ARUMUGAM\.m2\repository\org\hibernate\common\hibernate-commons-annotations\4.0.5.Final\hibernate-commons-annotations-4.0.5.Final.jar;C:\Users\Sivakumar ARUMUGAM\.m2\repository\org\hibernate\javax\persistence\hibernate-jpa-2.1-api\1.0.0.Final\hibernate-jpa-2.1-api-1.0.0.Final.jar;C:\Users\Sivakumar ARUMUGAM\.m2\repository\org\javassist\javassist\3.21.0-GA\javassist-3.21.0-GA.jar;C:\Users\Sivakumar ARUMUGAM\.m2\repository\antlr\antlr\2.7.7\antlr-2.7.7.jar;C:\Users\Sivakumar ARUMUGAM\.m2\repository\org\jboss\jandex\1.1.0.Final\jandex-1.1.0.Final.jar;C:\Users\Sivakumar ARUMUGAM\.m2\repository\javax\validation\validation-api\1.1.0.Final\validation-api-1.1.0.Final.jar;C:\Users\Sivakumar ARUMUGAM\.m2\repository\org\hibernate\hibernate-validator\5.1.3.Final\hibernate-validator-5.1.3.Final.jar;C:\Users\Sivakumar ARUMUGAM\.m2\repository\com\fasterxml\classmate\1.3.4\classmate-1.3.4.jar;C:\Users\Sivakumar ARUMUGAM\.m2\repository\mysql\mysql-connector-java\5.1.44\mysql-connector-java-5.1.44.jar;C:\Users\Sivakumar ARUMUGAM\.m2\repository\com\codahale\metrics\metrics-core\3.0.2\metrics-core-3.0.2.jar;, user.name=Sivakumar ARUMUGAM, java.vm.specification.version=1.8, sun.java.command=C:\Users\Sivakumar ARUMUGAM\git\alumpana\target\surefire\surefirebooter7972491823084270004.jar C:\Users\Sivakumar ARUMUGAM\git\alumpana\target\surefire\surefire3759437809685615394tmp C:\Users\Sivakumar ARUMUGAM\git\alumpana\target\surefire\surefire_02317950358313489056tmp, java.home=C:\Program Files\Java\jre1.8.0_181, sun.arch.data.model=32, user.language=en, java.specification.vendor=Oracle Corporation, awt.toolkit=sun.awt.windows.WToolkit, java.vm.info=mixed mode, sharing, java.version=1.8.0_181, java.ext.dirs=C:\Program Files\Java\jre1.8.0_181\lib\ext;C:\Windows\Sun\Java\lib\ext, sun.boot.class.path=C:\Program Files\Java\jre1.8.0_181\lib\resources.jar;C:\Program Files\Java\jre1.8.0_181\lib\rt.jar;C:\Program Files\Java\jre1.8.0_181\lib\sunrsasign.jar;C:\Program Files\Java\jre1.8.0_181\lib\jsse.jar;C:\Program Files\Java\jre1.8.0_181\lib\jce.jar;C:\Program Files\Java\jre1.8.0_181\lib\charsets.jar;C:\Program Files\Java\jre1.8.0_181\lib\jfr.jar;C:\Program Files\Java\jre1.8.0_181\classes, java.vendor=Oracle Corporation, localRepository=C:\Users\Sivakumar ARUMUGAM\.m2\repository, file.separator=\, java.vendor.url.bug=http://bugreport.sun.com/bugreport/, sun.io.unicode.encoding=UnicodeLittle, sun.cpu.endian=little, sun.desktop=windows, sun.cpu.isalist=pentium_pro+mmx pentium_pro pentium+mmx pentium i486 i386 i86}}, SystemEnvironmentPropertySource@17244798 {name='systemEnvironment', properties={GOOGLE_DEFAULT_CLIENT_ID=no, PATH=C:/Program Files/Java/jre1.8.0_181/bin/client;C:/Program Files/Java/jre1.8.0_181/bin;C:/Program Files/Java/jre1.8.0_181/lib/i386;C:\Program Files\Common Files\Oracle\Java\javapath;C:\app\Sivakumar\product\11.1.0\db_1\bin;C:\app\Sivakumar ARUMUGAM\product\11.1.0\db_3\bin;C:\app\Sivakumar ARUMUGAM\product\11.1.0\db_1\bin;C:\Windows\system32;C:\Windows;C:\Windows\System32\Wbem;C:\Windows\System32\WindowsPowerShell\v1.0\;C:\Program Files\MySQL\MySQL Server 5.1\bin;C:\Program Files\Heroku\bin;D:\Softwares\java\eclipse;, LOCALAPPDATA=C:\Users\Sivakumar ARUMUGAM\AppData\Local, PROCESSOR_LEVEL=6, SYSTEMDRIVE=C:, FP_NO_HOST_CHECK=NO, USERDOMAIN=Sivakumar, LOGONSERVER=\\SIVAKUMAR, PROMPT=$P$G, SESSIONNAME=Console, ALLUSERSPROFILE=C:\ProgramData, PROCESSOR_ARCHITECTURE=x86, GOOGLE_DEFAULT_CLIENT_SECRET=no, PROGRAMFILES=C:\Program Files, =C:=C:\Users\Sivakumar ARUMUGAM\git\alumpana, APPDATA=C:\Users\Sivakumar ARUMUGAM\AppData\Roaming, PSMODULEPATH=C:\Windows\system32\WindowsPowerShell\v1.0\Modules\, PROGRAMDATA=C:\ProgramData, SYSTEMROOT=C:\Windows, USERNAME=Sivakumar ARUMUGAM, GOOGLE_API_KEY=no, PATHEXT=.COM;.EXE;.BAT;.CMD;.VBS;.VBE;.JS;.JSE;.WSF;.WSH;.MSC, OS=Windows_NT, COMPUTERNAME=SIVAKUMAR, COMMONPROGRAMFILES=C:\Program Files\Common Files, COMSPEC=C:\Windows\system32\cmd.exe, PROCESSOR_REVISION=0f0d, WINDIR=C:\Windows, HOMEPATH=\Users\Sivakumar ARUMUGAM, TEMP=C:\Users\SIVAKU~1\AppData\Local\Temp, HOMEDRIVE=C:, PROCESSOR_IDENTIFIER=x86 Family 6 Model 15 Stepping 13, GenuineIntel, USERPROFILE=C:\Users\Sivakumar ARUMUGAM, TMP=C:\Users\SIVAKU~1\AppData\Local\Temp, PUBLIC=C:\Users\Public, NUMBER_OF_PROCESSORS=2, =::=::\}}]
20:58:05.743 [main] INFO org.springframework.boot.test.context.SpringBootTestContextBootstrapper - Found @SpringBootConfiguration com.alumpana.resource.management.spring.WhatMan for test class com.alumpana.resource.management.spring.security.test.HomeControllerApplicationTests
20:58:05.748 [main] DEBUG org.springframework.boot.test.context.SpringBootTestContextBootstrapper - @TestExecutionListeners is not present for class [com.alumpana.resource.management.spring.security.test.HomeControllerApplicationTests]: using defaults.
20:58:05.762 [main] INFO org.springframework.boot.test.context.SpringBootTestContextBootstrapper - Loaded default TestExecutionListener class names from location [META-INF/spring.factories]: [org.springframework.boot.test.mock.mockito.MockitoTestExecutionListener, org.springframework.boot.test.mock.mockito.ResetMocksTestExecutionListener, org.springframework.boot.test.autoconfigure.restdocs.RestDocsTestExecutionListener, org.springframework.boot.test.autoconfigure.web.client.MockRestServiceServerResetTestExecutionListener, org.springframework.boot.test.autoconfigure.web.servlet.MockMvcPrintOnlyOnFailureTestExecutionListener, org.springframework.boot.test.autoconfigure.web.servlet.WebDriverTestExecutionListener, org.springframework.test.context.web.ServletTestExecutionListener, org.springframework.test.context.support.DirtiesContextBeforeModesTestExecutionListener, org.springframework.test.context.support.DependencyInjectionTestExecutionListener, org.springframework.test.context.support.DirtiesContextTestExecutionListener, org.springframework.test.context.transaction.TransactionalTestExecutionListener, org.springframework.test.context.jdbc.SqlScriptsTestExecutionListener, org.springframework.security.test.context.support.WithSecurityContextTestExecutionListener]
20:58:05.777 [main] INFO org.springframework.boot.test.context.SpringBootTestContextBootstrapper - Using TestExecutionListeners: [org.springframework.test.context.web.ServletTestExecutionListener@1f7d05d, org.springframework.test.context.support.DirtiesContextBeforeModesTestExecutionListener@730495, org.springframework.boot.test.autoconfigure.SpringBootDependencyInjectionTestExecutionListener@13a22a9, org.springframework.test.context.support.DirtiesContextTestExecutionListener@1082e88, org.springframework.test.context.transaction.TransactionalTestExecutionListener@60704c, org.springframework.test.context.jdbc.SqlScriptsTestExecutionListener@b19b79, org.springframework.security.test.context.support.WithSecurityContextTestExecutionListener@32de6c, org.springframework.boot.test.autoconfigure.web.client.MockRestServiceServerResetTestExecutionListener@92d9cc, org.springframework.boot.test.autoconfigure.web.servlet.MockMvcPrintOnlyOnFailureTestExecutionListener@1f32542, org.springframework.boot.test.mock.mockito.MockitoTestExecutionListener@11302d6, org.springframework.boot.test.autoconfigure.restdocs.RestDocsTestExecutionListener@1ee72e6, org.springframework.boot.test.mock.mockito.ResetMocksTestExecutionListener@1529fee, org.springframework.boot.test.autoconfigure.web.servlet.WebDriverTestExecutionListener@1e767f3]
20:58:05.778 [main] DEBUG org.springframework.test.annotation.ProfileValueUtils - Retrieved @ProfileValueSourceConfiguration [null] for test class [com.alumpana.resource.management.spring.security.test.HomeControllerApplicationTests]
20:58:05.779 [main] DEBUG org.springframework.test.annotation.ProfileValueUtils - Retrieved ProfileValueSource type [class org.springframework.test.annotation.SystemProfileValueSource] for class [com.alumpana.resource.management.spring.security.test.HomeControllerApplicationTests]
20:58:05.783 [main] DEBUG org.springframework.test.annotation.ProfileValueUtils - Retrieved @ProfileValueSourceConfiguration [null] for test class [com.alumpana.resource.management.spring.security.test.HomeControllerApplicationTests]
20:58:05.784 [main] DEBUG org.springframework.test.annotation.ProfileValueUtils - Retrieved ProfileValueSource type [class org.springframework.test.annotation.SystemProfileValueSource] for class [com.alumpana.resource.management.spring.security.test.HomeControllerApplicationTests]
20:58:05.802 [main] DEBUG org.springframework.test.context.support.AbstractDirtiesContextTestExecutionListener - Before test class: context [DefaultTestContext@d3bc22 testClass = HomeControllerApplicationTests, testInstance = [null], testMethod = [null], testException = [null], mergedContextConfiguration = [WebMergedContextConfiguration@d4bf7e testClass = HomeControllerApplicationTests, locations = '{}', classes = '{class com.alumpana.resource.management.spring.WhatMan}', contextInitializerClasses = '[]', activeProfiles = '{}', propertySourceLocations = '{}', propertySourceProperties = '{org.springframework.boot.test.context.SpringBootTestContextBootstrapper=true}', contextCustomizers = set[[ImportsContextCustomizer@1d9d4b key = [org.springframework.boot.test.autoconfigure.web.servlet.MockMvcAutoConfiguration, org.springframework.boot.test.autoconfigure.web.servlet.MockMvcSecurityAutoConfiguration, org.springframework.boot.test.autoconfigure.web.servlet.MockMvcWebClientAutoConfiguration, org.springframework.boot.test.autoconfigure.web.servlet.MockMvcWebDriverAutoConfiguration]], org.springframework.boot.test.context.SpringBootTestContextCustomizer@b1ffe6, org.springframework.boot.test.context.filter.ExcludeFilterContextCustomizer@150efb8, org.springframework.boot.test.json.DuplicateJsonObjectContextCustomizerFactory$DuplicateJsonObjectContextCustomizer@7f6b8c, org.springframework.boot.test.mock.mockito.MockitoContextCustomizer@0, org.springframework.boot.test.autoconfigure.properties.PropertyMappingContextCustomizer@e7e8512, org.springframework.boot.test.autoconfigure.web.servlet.WebDriverContextCustomizerFactory$Customizer@b51256], resourceBasePath = 'src/main/webapp', contextLoader = 'org.springframework.boot.test.context.SpringBootContextLoader', parent = [null]]], class annotated with @DirtiesContext [false] with mode [null].
20:58:05.804 [main] DEBUG org.springframework.test.annotation.ProfileValueUtils - Retrieved @ProfileValueSourceConfiguration [null] for test class [com.alumpana.resource.management.spring.security.test.HomeControllerApplicationTests]
20:58:05.804 [main] DEBUG org.springframework.test.annotation.ProfileValueUtils - Retrieved ProfileValueSource type [class org.springframework.test.annotation.SystemProfileValueSource] for class [com.alumpana.resource.management.spring.security.test.HomeControllerApplicationTests]
20:58:06.009 [main] DEBUG org.springframework.core.env.StandardEnvironment - Adding PropertySource 'systemProperties' with lowest search precedence
20:58:06.009 [main] DEBUG org.springframework.core.env.StandardEnvironment - Adding PropertySource 'systemEnvironment' with lowest search precedence
20:58:06.010 [main] DEBUG org.springframework.core.env.StandardEnvironment - Initialized StandardEnvironment with PropertySources [MapPropertySource@5983196 {name='systemProperties', properties={java.runtime.name=Java(TM) SE Runtime Environment, sun.boot.library.path=C:\Program Files\Java\jre1.8.0_181\bin, java.vm.version=25.181-b13, java.vm.vendor=Oracle Corporation, java.vendor.url=http://java.oracle.com/, path.separator=;, java.vm.name=Java HotSpot(TM) Client VM, file.encoding.pkg=sun.io, user.country=US, user.script=, sun.java.launcher=SUN_STANDARD, sun.os.patch.level=, java.vm.specification.name=Java Virtual Machine Specification, user.dir=C:\Users\Sivakumar ARUMUGAM\git\alumpana, java.runtime.version=1.8.0_181-b13, basedir=C:\Users\Sivakumar ARUMUGAM\git\alumpana, java.awt.graphicsenv=sun.awt.Win32GraphicsEnvironment, java.endorsed.dirs=C:\Program Files\Java\jre1.8.0_181\lib\endorsed, os.arch=x86, surefire.real.class.path=C:\Users\Sivakumar ARUMUGAM\git\alumpana\target\surefire\surefirebooter7972491823084270004.jar, java.io.tmpdir=C:\Users\SIVAKU~1\AppData\Local\Temp\, line.separator=
[...]
2018-11-29 20:59:06.242  INFO 648 --- [           main] c.a.r.m.s.o.s.CustomUserDetailsService   : User not found

MockHttpServletRequest:
      HTTP Method = GET
      Request URI = /
       Parameters = {}
          Headers = {}

Handler:
             Type = null

Async:
    Async started = false
     Async result = null

Resolved Exception:
             Type = null

ModelAndView:
        View name = null
             View = null
            Model = null

FlashMap:
       Attributes = null

MockHttpServletResponse:
           Status = 302
    Error message = null
          Headers = {X-Content-Type-Options=[nosniff], X-XSS-Protection=[1; mode=block], Cache-Control=[no-cache, no-store, max-age=0, must-revalidate], Pragma=[no-cache], Expires=[0], X-Frame-Options=[DENY], Location=[http://localhost/login]}
     Content type = null
             Body = 
    Forwarded URL = null
   Redirected URL = http://localhost/login
          Cookies = []

MockHttpServletRequest:
      HTTP Method = POST
      Request URI = /login
       Parameters = {username=[user], password=[password], _csrf=[a264f4cd-7f41-4e1c-80a2-7ae47776dc8b]}
          Headers = {Accept=[application/x-www-form-urlencoded]}

Handler:
             Type = null

Async:
    Async started = false
     Async result = null

Resolved Exception:
             Type = null

ModelAndView:
        View name = null
             View = null
            Model = null

FlashMap:
       Attributes = null

MockHttpServletResponse:
           Status = 302
    Error message = null
          Headers = {X-Content-Type-Options=[nosniff], X-XSS-Protection=[1; mode=block], Cache-Control=[no-cache, no-store, max-age=0, must-revalidate], Pragma=[no-cache], Expires=[0], X-Frame-Options=[DENY], Location=[/login?error]}
     Content type = null
             Body = 
    Forwarded URL = null
   Redirected URL = /login?error
          Cookies = [[Cookie@196d6f2 name = 'remember-me', value = [null], comment = [null], domain = [null], maxAge = 0, path = '/', secure = false, version = 0, httpOnly = false]]

MockHttpServletRequest:
      HTTP Method = GET
      Request URI = /user
       Parameters = {}
          Headers = {}

Handler:
             Type = com.alumpana.resource.management.spring.web.HomeController
           Method = public java.lang.String com.alumpana.resource.management.spring.web.HomeController.userIndex(org.springframework.ui.ModelMap)

Async:
    Async started = false
     Async result = null

Resolved Exception:
             Type = null

ModelAndView:
        View name = /login
             View = null
            Model = null

FlashMap:
       Attributes = null

MockHttpServletResponse:
           Status = 200
    Error message = null
          Headers = {X-Content-Type-Options=[nosniff], X-XSS-Protection=[1; mode=block], Cache-Control=[no-cache, no-store, max-age=0, must-revalidate], Pragma=[no-cache], Expires=[0], X-Frame-Options=[DENY], Content-Type=[text/html;charset=UTF-8]}
     Content type = text/html;charset=UTF-8
             Body = <!DOCTYPE html>
<html>
<head>
    <title>alumpana - Login</title>
    <meta charset="utf-8"/>
    <meta http-equiv="X-UA-Compatible" content="IE=edge"/>
    <meta name="viewport" content="width=device-width, initial-scale=1"/>

    <link rel="stylesheet" type="text/css" href="/webjars/bootstrap/3.3.7/css/bootstrap.min.css"/>
    <link rel="stylesheet" type="text/css" href="/css/main.css"/>
</head>
<body>
    
    <nav class="navbar navbar-inverse navbar-static-top">
        <div class="container">
            <div class="navbar-header">
                <a class="navbar-brand" href="/">
                    <img src="/img/logo.png" alt="memorynotfound logo"/>
                </a>
            </div>
            <div id="navbar" class="collapse navbar-collapse">
                <ul class="nav navbar-nav">
                    <li class="active">
                        <a href="/">Home</a>
                    </li>
                </ul>
            </div>
        </div>
    </nav>

    <div class="container">
        

    <div class="row">
        <div class="col-md-6 col-md-offset-3">
            <h1>Login page</h1>
            <form action="/login" method="post">
                
                
                <div class="form-group">
                    <label for="username">Username</label>:
                    <input type="text"
                           id="username"
                           name="username"
                           class="form-control"
                           autofocus="autofocus"
                           placeholder="Username">
                </div>
                <div class="form-group">
                    <label for="password">Password</label>:
                    <input type="password"
                           id="password"
                           name="password"
                           class="form-control"
                           placeholder="Password">
                </div>
                
                <div class="form-group">
                    <label for="remember-me">Remember Me</label>:
                    <input type="checkbox"
                           id="remember-me"
                           name="remember-me">
                </div>
                
                <div class="form-group">
                    <div class="row">
                        <div class="col-sm-6 col-sm-offset-3">
                            <input type="submit"
                                   name="login-submit"
                                   id="login-submit"
                                   class="form-control btn btn-info"
                                   value="Log In">
                        </div>
                    </div>
                </div>
            </form>
        </div>
    </div>

    <p><a href="/">Back to home page</a></p>


    </div>
    
    <footer>
        <div class="container">
            <p>
                &copy; alumpana.com
                
            </p>
        </div>
    </footer>

    <script type="text/javascript" src="/webjars/jquery/3.2.1/jquery.min.js/"></script>
    <script type="text/javascript" src="/webjars/bootstrap/3.3.7/js/bootstrap.min.js"></script>


</body>
</html>
    Forwarded URL = null
   Redirected URL = null
          Cookies = []

MockHttpServletRequest:
      HTTP Method = POST
      Request URI = /login
       Parameters = {username=[user], password=[password], _csrf=[0e62e5e6-6482-47dc-9b14-07ac5b57de7a]}
          Headers = {Accept=[application/x-www-form-urlencoded]}

Handler:
             Type = null

Async:
    Async started = false
     Async result = null

Resolved Exception:
             Type = null

ModelAndView:
        View name = null
             View = null
            Model = null

FlashMap:
       Attributes = null

MockHttpServletResponse:
           Status = 302
    Error message = null
          Headers = {X-Content-Type-Options=[nosniff], X-XSS-Protection=[1; mode=block], Cache-Control=[no-cache, no-store, max-age=0, must-revalidate], Pragma=[no-cache], Expires=[0], X-Frame-Options=[DENY], Location=[/login?error]}
     Content type = null
             Body = 
    Forwarded URL = null
   Redirected URL = /login?error
          Cookies = [[Cookie@1fffef3 name = 'remember-me', value = [null], comment = [null], domain = [null], maxAge = 0, path = '/', secure = false, version = 0, httpOnly = false]]

MockHttpServletRequest:
      HTTP Method = POST
      Request URI = /login
       Parameters = {username=[manager], password=[password], _csrf=[3d2d5414-4982-447d-8e26-740ad17b3bc0]}
          Headers = {Accept=[application/x-www-form-urlencoded]}

Handler:
             Type = null

Async:
    Async started = false
     Async result = null

Resolved Exception:
             Type = null

ModelAndView:
        View name = null
             View = null
            Model = null

FlashMap:
       Attributes = null

MockHttpServletResponse:
           Status = 302
    Error message = null
          Headers = {X-Content-Type-Options=[nosniff], X-XSS-Protection=[1; mode=block], Cache-Control=[no-cache, no-store, max-age=0, must-revalidate], Pragma=[no-cache], Expires=[0], X-Frame-Options=[DENY], Location=[/login?error]}
     Content type = null
             Body = 
    Forwarded URL = null
   Redirected URL = /login?error
          Cookies = [[Cookie@6bf8d9 name = 'remember-me', value = [null], comment = [null], domain = [null], maxAge = 0, path = '/', secure = false, version = 0, httpOnly = false]]
]]></system-out>
  </testcase>
  <testcase name="loginUserValidateLogout" classname="com.alumpana.resource.management.spring.security.test.HomeControllerApplicationTests" time="4.908">
    <failure message="Authentication should not be null" type="java.lang.AssertionError">java.lang.AssertionError: Authentication should not be null
	at org.springframework.test.util.AssertionErrors.fail(AssertionErrors.java:35)
	at org.springframework.test.util.AssertionErrors.assertTrue(AssertionErrors.java:65)
	at org.springframework.security.test.web.servlet.response.SecurityMockMvcResultMatchers$AuthenticatedMatcher.match(SecurityMockMvcResultMatchers.java:98)
	at org.springframework.test.web.servlet.MockMvc$1.andExpect(MockMvc.java:171)
	at com.alumpana.resource.management.spring.security.test.HomeControllerApplicationTests.loginUserValidateLogout(HomeControllerApplicationTests.java:85)
</failure>
    <system-out><![CDATA[2018-11-29 20:59:08.157  INFO 648 --- [           main] c.a.r.m.s.orm.repository.UserRepository  : SSO : user
2018-11-29 20:59:08.498  INFO 648 --- [           main] c.a.r.m.s.o.s.CustomUserDetailsService   : User : null
2018-11-29 20:59:08.498  INFO 648 --- [           main] c.a.r.m.s.o.s.CustomUserDetailsService   : User not found
2018-11-29 20:59:10.798  INFO 648 --- [           main] c.a.r.m.s.orm.repository.UserRepository  : SSO : user
2018-11-29 20:59:11.148  INFO 648 --- [           main] c.a.r.m.s.o.s.CustomUserDetailsService   : User : null
2018-11-29 20:59:11.149  INFO 648 --- [           main] c.a.r.m.s.o.s.CustomUserDetailsService   : User not found

MockHttpServletRequest:
      HTTP Method = GET
      Request URI = /
       Parameters = {}
          Headers = {}

Handler:
             Type = null

Async:
    Async started = false
     Async result = null

Resolved Exception:
             Type = null

ModelAndView:
        View name = null
             View = null
            Model = null

FlashMap:
       Attributes = null

MockHttpServletResponse:
           Status = 302
    Error message = null
          Headers = {X-Content-Type-Options=[nosniff], X-XSS-Protection=[1; mode=block], Cache-Control=[no-cache, no-store, max-age=0, must-revalidate], Pragma=[no-cache], Expires=[0], X-Frame-Options=[DENY], Location=[http://localhost/login]}
     Content type = null
             Body = 
    Forwarded URL = null
   Redirected URL = http://localhost/login
          Cookies = []

MockHttpServletRequest:
      HTTP Method = POST
      Request URI = /login
       Parameters = {username=[user], password=[password], _csrf=[a264f4cd-7f41-4e1c-80a2-7ae47776dc8b]}
          Headers = {Accept=[application/x-www-form-urlencoded]}

Handler:
             Type = null

Async:
    Async started = false
     Async result = null

Resolved Exception:
             Type = null

ModelAndView:
        View name = null
             View = null
            Model = null

FlashMap:
       Attributes = null

MockHttpServletResponse:
           Status = 302
    Error message = null
          Headers = {X-Content-Type-Options=[nosniff], X-XSS-Protection=[1; mode=block], Cache-Control=[no-cache, no-store, max-age=0, must-revalidate], Pragma=[no-cache], Expires=[0], X-Frame-Options=[DENY], Location=[/login?error]}
     Content type = null
             Body = 
    Forwarded URL = null
   Redirected URL = /login?error
          Cookies = [[Cookie@196d6f2 name = 'remember-me', value = [null], comment = [null], domain = [null], maxAge = 0, path = '/', secure = false, version = 0, httpOnly = false]]

MockHttpServletRequest:
      HTTP Method = GET
      Request URI = /user
       Parameters = {}
          Headers = {}

Handler:
             Type = com.alumpana.resource.management.spring.web.HomeController
           Method = public java.lang.String com.alumpana.resource.management.spring.web.HomeController.userIndex(org.springframework.ui.ModelMap)

Async:
    Async started = false
     Async result = null

Resolved Exception:
             Type = null

ModelAndView:
        View name = /login
             View = null
            Model = null

FlashMap:
       Attributes = null

MockHttpServletResponse:
           Status = 200
    Error message = null
          Headers = {X-Content-Type-Options=[nosniff], X-XSS-Protection=[1; mode=block], Cache-Control=[no-cache, no-store, max-age=0, must-revalidate], Pragma=[no-cache], Expires=[0], X-Frame-Options=[DENY], Content-Type=[text/html;charset=UTF-8]}
     Content type = text/html;charset=UTF-8
             Body = <!DOCTYPE html>
<html>
<head>
    <title>alumpana - Login</title>
    <meta charset="utf-8"/>
    <meta http-equiv="X-UA-Compatible" content="IE=edge"/>
    <meta name="viewport" content="width=device-width, initial-scale=1"/>

    <link rel="stylesheet" type="text/css" href="/webjars/bootstrap/3.3.7/css/bootstrap.min.css"/>
    <link rel="stylesheet" type="text/css" href="/css/main.css"/>
</head>
<body>
    
    <nav class="navbar navbar-inverse navbar-static-top">
        <div class="container">
            <div class="navbar-header">
                <a class="navbar-brand" href="/">
                    <img src="/img/logo.png" alt="memorynotfound logo"/>
                </a>
            </div>
            <div id="navbar" class="collapse navbar-collapse">
                <ul class="nav navbar-nav">
                    <li class="active">
                        <a href="/">Home</a>
                    </li>
                </ul>
            </div>
        </div>
    </nav>

    <div class="container">
        

    <div class="row">
        <div class="col-md-6 col-md-offset-3">
            <h1>Login page</h1>
            <form action="/login" method="post">
                
                
                <div class="form-group">
                    <label for="username">Username</label>:
                    <input type="text"
                           id="username"
                           name="username"
                           class="form-control"
                           autofocus="autofocus"
                           placeholder="Username">
                </div>
                <div class="form-group">
                    <label for="password">Password</label>:
                    <input type="password"
                           id="password"
                           name="password"
                           class="form-control"
                           placeholder="Password">
                </div>
                
                <div class="form-group">
                    <label for="remember-me">Remember Me</label>:
                    <input type="checkbox"
                           id="remember-me"
                           name="remember-me">
                </div>
                
                <div class="form-group">
                    <div class="row">
                        <div class="col-sm-6 col-sm-offset-3">
                            <input type="submit"
                                   name="login-submit"
                                   id="login-submit"
                                   class="form-control btn btn-info"
                                   value="Log In">
                        </div>
                    </div>
                </div>
            </form>
        </div>
    </div>

    <p><a href="/">Back to home page</a></p>


    </div>
    
    <footer>
        <div class="container">
            <p>
                &copy; alumpana.com
                
            </p>
        </div>
    </footer>

    <script type="text/javascript" src="/webjars/jquery/3.2.1/jquery.min.js/"></script>
    <script type="text/javascript" src="/webjars/bootstrap/3.3.7/js/bootstrap.min.js"></script>


</body>
</html>
    Forwarded URL = null
   Redirected URL = null
          Cookies = []

MockHttpServletRequest:
      HTTP Method = POST
      Request URI = /login
       Parameters = {username=[user], password=[password], _csrf=[0e62e5e6-6482-47dc-9b14-07ac5b57de7a]}
          Headers = {Accept=[application/x-www-form-urlencoded]}

Handler:
             Type = null

Async:
    Async started = false
     Async result = null

Resolved Exception:
             Type = null

ModelAndView:
        View name = null
             View = null
            Model = null

FlashMap:
       Attributes = null

MockHttpServletResponse:
           Status = 302
    Error message = null
          Headers = {X-Content-Type-Options=[nosniff], X-XSS-Protection=[1; mode=block], Cache-Control=[no-cache, no-store, max-age=0, must-revalidate], Pragma=[no-cache], Expires=[0], X-Frame-Options=[DENY], Location=[/login?error]}
     Content type = null
             Body = 
    Forwarded URL = null
   Redirected URL = /login?error
          Cookies = [[Cookie@1fffef3 name = 'remember-me', value = [null], comment = [null], domain = [null], maxAge = 0, path = '/', secure = false, version = 0, httpOnly = false]]

MockHttpServletRequest:
      HTTP Method = POST
      Request URI = /login
       Parameters = {username=[manager], password=[password], _csrf=[3d2d5414-4982-447d-8e26-740ad17b3bc0]}
          Headers = {Accept=[application/x-www-form-urlencoded]}

Handler:
             Type = null

Async:
    Async started = false
     Async result = null

Resolved Exception:
             Type = null

ModelAndView:
        View name = null
             View = null
            Model = null

FlashMap:
       Attributes = null

MockHttpServletResponse:
           Status = 302
    Error message = null
          Headers = {X-Content-Type-Options=[nosniff], X-XSS-Protection=[1; mode=block], Cache-Control=[no-cache, no-store, max-age=0, must-revalidate], Pragma=[no-cache], Expires=[0], X-Frame-Options=[DENY], Location=[/login?error]}
     Content type = null
             Body = 
    Forwarded URL = null
   Redirected URL = /login?error
          Cookies = [[Cookie@6bf8d9 name = 'remember-me', value = [null], comment = [null], domain = [null], maxAge = 0, path = '/', secure = false, version = 0, httpOnly = false]]

MockHttpServletRequest:
      HTTP Method = POST
      Request URI = /login
       Parameters = {username=[user], password=[password], _csrf=[6d87c8bd-dd0d-4d30-b741-e836eb9b0b70]}
          Headers = {Accept=[application/x-www-form-urlencoded]}

Handler:
             Type = null

Async:
    Async started = false
     Async result = null

Resolved Exception:
             Type = null

ModelAndView:
        View name = null
             View = null
            Model = null

FlashMap:
       Attributes = null

MockHttpServletResponse:
           Status = 302
    Error message = null
          Headers = {X-Content-Type-Options=[nosniff], X-XSS-Protection=[1; mode=block], Cache-Control=[no-cache, no-store, max-age=0, must-revalidate], Pragma=[no-cache], Expires=[0], X-Frame-Options=[DENY], Location=[/login?error]}
     Content type = null
             Body = 
    Forwarded URL = null
   Redirected URL = /login?error
          Cookies = [[Cookie@174676f name = 'remember-me', value = [null], comment = [null], domain = [null], maxAge = 0, path = '/', secure = false, version = 0, httpOnly = false]]
]]></system-out>
  </testcase>
  <testcase name="loginInvalidUser" classname="com.alumpana.resource.management.spring.security.test.HomeControllerApplicationTests" time="4.798"/>
</testsuite>